This file contains any messages produced by compilers while
running configure, to aid debugging if configure makes a mistake.

It was created by configure, which was
generated by GNU Autoconf 2.63.  Invocation command line was

  $ ./configure --enable-perl --disable-python --disable-ruby --with-qt-dir=/usr/lib/qt-3.3

## --------- ##
## Platform. ##
## --------- ##

hostname = rawr-laptop
uname -m = i686
uname -r = 3.1.0-rc4+
uname -s = Linux
uname -v = #1 SMP Tue Sep 27 22:01:03 EDT 2011

/usr/bin/uname -p = unknown
/bin/uname -X     = unknown

/bin/arch              = i686
/usr/bin/arch -k       = unknown
/usr/convex/getsysinfo = unknown
/usr/bin/hostinfo      = unknown
/bin/machine           = unknown
/usr/bin/oslevel       = unknown
/bin/universe          = unknown

PATH: /usr/lib/qt-3.3/bin
PATH: /usr/local/bin
PATH: /usr/bin
PATH: /bin
PATH: /usr/games
PATH: /usr/local/sbin
PATH: /usr/sbin
PATH: /sbin
PATH: /home/carter/bin


## ----------- ##
## Core tests. ##
## ----------- ##

configure:2260: checking build system type
configure:2278: result: i686-pc-linux-gnu
configure:2300: checking host system type
configure:2315: result: i686-pc-linux-gnu
configure:2337: checking target system type
configure:2352: result: i686-pc-linux-gnu
configure:2411: checking for a BSD-compatible install
configure:2479: result: /usr/bin/install -c
configure:2494: checking for -p flag to install
configure:2507: result: yes
configure:2518: checking whether build environment is sane
configure:2561: result: yes
configure:2581: checking for gawk
configure:2597: found /usr/bin/gawk
configure:2608: result: gawk
configure:2619: checking whether make sets $(MAKE)
configure:2641: result: yes
configure:2866: checking for style of include used by make
configure:2894: result: GNU
configure:3043: checking for gcc
configure:3059: found /usr/bin/gcc
configure:3070: result: gcc
configure:3302: checking for C compiler version
configure:3310: gcc --version >&5
gcc (GCC) 4.6.1 20110908 (Red Hat 4.6.1-9)
Copyright (C) 2011 Free Software Foundation, Inc.
This is free software; see the source for copying conditions.  There is NO
warranty; not even for MERCHANTABILITY or FITNESS FOR A PARTICULAR PURPOSE.

configure:3314: $? = 0
configure:3321: gcc -v >&5
Using built-in specs.
COLLECT_GCC=gcc
COLLECT_LTO_WRAPPER=/usr/libexec/gcc/i686-redhat-linux/4.6.1/lto-wrapper
Target: i686-redhat-linux
Configured with: ../configure --prefix=/usr --mandir=/usr/share/man --infodir=/usr/share/info --with-bugurl=http://bugzilla.redhat.com/bugzilla --enable-bootstrap --enable-shared --enable-threads=posix --enable-checking=release --with-system-zlib --enable-__cxa_atexit --disable-libunwind-exceptions --enable-gnu-unique-object --enable-linker-build-id --enable-languages=c,c++,objc,obj-c++,java,fortran,ada,go,lto --enable-plugin --enable-java-awt=gtk --disable-dssi --with-java-home=/usr/lib/jvm/java-1.5.0-gcj-1.5.0.0/jre --enable-libgcj-multifile --enable-java-maintainer-mode --with-ecj-jar=/usr/share/java/eclipse-ecj.jar --disable-libjava-multilib --with-ppl --with-cloog --with-tune=generic --with-arch=i686 --build=i686-redhat-linux
Thread model: posix
gcc version 4.6.1 20110908 (Red Hat 4.6.1-9) (GCC) 
configure:3325: $? = 0
configure:3332: gcc -V >&5
gcc: error: unrecognized option '-V'
gcc: fatal error: no input files
compilation terminated.
configure:3336: $? = 4
configure:3359: checking for C compiler default output file name
configure:3381: gcc     conftest.c  >&5
configure:3385: $? = 0
configure:3423: result: a.out
configure:3442: checking whether the C compiler works
configure:3452: ./a.out
configure:3456: $? = 0
configure:3475: result: yes
configure:3482: checking whether we are cross compiling
configure:3484: result: no
configure:3487: checking for suffix of executables
configure:3494: gcc -o conftest     conftest.c  >&5
configure:3498: $? = 0
configure:3524: result: 
configure:3530: checking for suffix of object files
configure:3556: gcc -c    conftest.c >&5
configure:3560: $? = 0
configure:3585: result: o
configure:3589: checking whether we are using the GNU C compiler
configure:3618: gcc -c    conftest.c >&5
configure:3625: $? = 0
configure:3642: result: yes
configure:3651: checking whether gcc accepts -g
configure:3681: gcc -c -g  conftest.c >&5
configure:3688: $? = 0
configure:3789: result: yes
configure:3806: checking for gcc option to accept ISO C89
configure:3880: gcc  -c    conftest.c >&5
configure:3887: $? = 0
configure:3910: result: none needed
configure:3930: checking dependency style of gcc
configure:4013: result: gcc3
configure:4036: checking how to run the C preprocessor
configure:4076: gcc -E  conftest.c
configure:4083: $? = 0
configure:4114: gcc -E  conftest.c
conftest.c:10:28: fatal error: ac_nonexistent.h: No such file or directory
compilation terminated.
configure:4121: $? = 1
configure: failed program was:
| /* confdefs.h.  */
| #define PACKAGE_NAME ""
| #define PACKAGE_TARNAME ""
| #define PACKAGE_VERSION ""
| #define PACKAGE_STRING ""
| #define PACKAGE_BUGREPORT ""
| #define PACKAGE "xpertmud"
| #define VERSION "3.2alpha1"
| /* end confdefs.h.  */
| #include <ac_nonexistent.h>
configure:4154: result: gcc -E
configure:4183: gcc -E  conftest.c
configure:4190: $? = 0
configure:4221: gcc -E  conftest.c
conftest.c:10:28: fatal error: ac_nonexistent.h: No such file or directory
compilation terminated.
configure:4228: $? = 1
configure: failed program was:
| /* confdefs.h.  */
| #define PACKAGE_NAME ""
| #define PACKAGE_TARNAME ""
| #define PACKAGE_VERSION ""
| #define PACKAGE_STRING ""
| #define PACKAGE_BUGREPORT ""
| #define PACKAGE "xpertmud"
| #define VERSION "3.2alpha1"
| /* end confdefs.h.  */
| #include <ac_nonexistent.h>
configure:4354: checking for g++
configure:4370: found /usr/bin/g++
configure:4381: result: g++
configure:4408: checking for C++ compiler version
configure:4416: g++ --version >&5
g++ (GCC) 4.6.1 20110908 (Red Hat 4.6.1-9)
Copyright (C) 2011 Free Software Foundation, Inc.
This is free software; see the source for copying conditions.  There is NO
warranty; not even for MERCHANTABILITY or FITNESS FOR A PARTICULAR PURPOSE.

configure:4420: $? = 0
configure:4427: g++ -v >&5
Using built-in specs.
COLLECT_GCC=g++
COLLECT_LTO_WRAPPER=/usr/libexec/gcc/i686-redhat-linux/4.6.1/lto-wrapper
Target: i686-redhat-linux
Configured with: ../configure --prefix=/usr --mandir=/usr/share/man --infodir=/usr/share/info --with-bugurl=http://bugzilla.redhat.com/bugzilla --enable-bootstrap --enable-shared --enable-threads=posix --enable-checking=release --with-system-zlib --enable-__cxa_atexit --disable-libunwind-exceptions --enable-gnu-unique-object --enable-linker-build-id --enable-languages=c,c++,objc,obj-c++,java,fortran,ada,go,lto --enable-plugin --enable-java-awt=gtk --disable-dssi --with-java-home=/usr/lib/jvm/java-1.5.0-gcj-1.5.0.0/jre --enable-libgcj-multifile --enable-java-maintainer-mode --with-ecj-jar=/usr/share/java/eclipse-ecj.jar --disable-libjava-multilib --with-ppl --with-cloog --with-tune=generic --with-arch=i686 --build=i686-redhat-linux
Thread model: posix
gcc version 4.6.1 20110908 (Red Hat 4.6.1-9) (GCC) 
configure:4431: $? = 0
configure:4438: g++ -V >&5
g++: error: unrecognized option '-V'
g++: fatal error: no input files
compilation terminated.
configure:4442: $? = 4
configure:4445: checking whether we are using the GNU C++ compiler
configure:4474: g++ -c    conftest.cpp >&5
configure:4481: $? = 0
configure:4498: result: yes
configure:4507: checking whether g++ accepts -g
configure:4537: g++ -c -g  conftest.cpp >&5
configure:4544: $? = 0
configure:4645: result: yes
configure:4670: checking dependency style of g++
configure:4753: result: gcc3
configure:5079: checking whether g++ supports -Wmissing-format-attribute
configure:5119: rm -rf SunWS_cache; g++ -o conftest -ansi -D_XOPEN_SOURCE=500 -D_BSD_SOURCE -Wcast-align -Wconversion -Wchar-subscripts -O2   -Wmissing-format-attribute   conftest.cpp  1>&5
configure:5126: $? = 0
configure:5156: result: yes
configure:5171: checking whether g++ supports -Wundef
configure:5211: rm -rf SunWS_cache; g++ -o conftest -Wall -W -Wpointer-arith -Wwrite-strings -ansi -D_XOPEN_SOURCE=500 -D_BSD_SOURCE -Wcast-align -Wconversion -Wchar-subscripts -O2   -Wformat-security -Wmissing-format-attribute -Wundef   conftest.cpp  1>&5
configure:5218: $? = 0
configure:5248: result: yes
configure:5260: checking whether g++ supports -Wno-long-long
configure:5300: rm -rf SunWS_cache; g++ -o conftest -Wundef -Wall -W -Wpointer-arith -Wwrite-strings -ansi -D_XOPEN_SOURCE=500 -D_BSD_SOURCE -Wcast-align -Wconversion -Wchar-subscripts -O2   -Wformat-security -Wmissing-format-attribute -Wno-long-long   conftest.cpp  1>&5
configure:5307: $? = 0
configure:5337: result: yes
configure:5349: checking whether g++ supports -Wnon-virtual-dtor
configure:5389: rm -rf SunWS_cache; g++ -o conftest -Wno-long-long -Wundef -Wall -W -Wpointer-arith -Wwrite-strings -ansi -D_XOPEN_SOURCE=500 -D_BSD_SOURCE -Wcast-align -Wconversion -Wchar-subscripts -O2   -Wformat-security -Wmissing-format-attribute -Wnon-virtual-dtor   conftest.cpp  1>&5
configure:5396: $? = 0
configure:5426: result: yes
configure:5446: checking whether g++ supports -fno-exceptions
configure:5486: rm -rf SunWS_cache; g++ -o conftest -Wnon-virtual-dtor -Wno-long-long -Wundef -Wall -W -Wpointer-arith -Wwrite-strings -ansi -D_XOPEN_SOURCE=500 -D_BSD_SOURCE -Wcast-align -Wconversion -Wchar-subscripts -O2   -Wformat-security -Wmissing-format-attribute -fno-exceptions   conftest.cpp  1>&5
configure:5493: $? = 0
configure:5523: result: yes
configure:5535: checking whether g++ supports -fno-check-new
configure:5575: rm -rf SunWS_cache; g++ -o conftest -Wnon-virtual-dtor -Wno-long-long -Wundef -Wall -W -Wpointer-arith -Wwrite-strings -ansi -D_XOPEN_SOURCE=500 -D_BSD_SOURCE -Wcast-align -Wconversion -Wchar-subscripts -O2   -Wformat-security -Wmissing-format-attribute -fno-exceptions -fno-check-new   conftest.cpp  1>&5
configure:5582: $? = 0
configure:5612: result: yes
configure:5624: checking whether g++ supports -fno-common
configure:5664: rm -rf SunWS_cache; g++ -o conftest -Wnon-virtual-dtor -Wno-long-long -Wundef -Wall -W -Wpointer-arith -Wwrite-strings -ansi -D_XOPEN_SOURCE=500 -D_BSD_SOURCE -Wcast-align -Wconversion -Wchar-subscripts -O2   -Wformat-security -Wmissing-format-attribute -fno-exceptions -fno-check-new -fno-common   conftest.cpp  1>&5
configure:5671: $? = 0
configure:5701: result: yes
configure:5713: checking whether g++ supports -fexceptions
configure:5753: rm -rf SunWS_cache; g++ -o conftest -Wnon-virtual-dtor -Wno-long-long -Wundef -Wall -W -Wpointer-arith -Wwrite-strings -ansi -D_XOPEN_SOURCE=500 -D_BSD_SOURCE -Wcast-align -Wconversion -Wchar-subscripts -O2   -Wformat-security -Wmissing-format-attribute -fno-exceptions -fno-check-new -fno-common -fexceptions   conftest.cpp  1>&5
configure:5760: $? = 0
configure:5790: result: yes
configure:6457: checking how to run the C++ preprocessor
configure:6493: g++ -E  conftest.cpp
configure:6500: $? = 0
configure:6531: g++ -E  conftest.cpp
conftest.cpp:10:28: fatal error: ac_nonexistent.h: No such file or directory
compilation terminated.
configure:6538: $? = 1
configure: failed program was:
| /* confdefs.h.  */
| #define PACKAGE_NAME ""
| #define PACKAGE_TARNAME ""
| #define PACKAGE_VERSION ""
| #define PACKAGE_STRING ""
| #define PACKAGE_BUGREPORT ""
| #define PACKAGE "xpertmud"
| #define VERSION "3.2alpha1"
| /* end confdefs.h.  */
| #include <ac_nonexistent.h>
configure:6571: result: g++ -E
configure:6600: g++ -E  conftest.cpp
configure:6607: $? = 0
configure:6638: g++ -E  conftest.cpp
conftest.cpp:10:28: fatal error: ac_nonexistent.h: No such file or directory
compilation terminated.
configure:6645: $? = 1
configure: failed program was:
| /* confdefs.h.  */
| #define PACKAGE_NAME ""
| #define PACKAGE_TARNAME ""
| #define PACKAGE_VERSION ""
| #define PACKAGE_STRING ""
| #define PACKAGE_BUGREPORT ""
| #define PACKAGE "xpertmud"
| #define VERSION "3.2alpha1"
| /* end confdefs.h.  */
| #include <ac_nonexistent.h>
configure:6689: checking whether g++ supports -O0
configure:6729: rm -rf SunWS_cache; g++ -o conftest -Wnon-virtual-dtor -Wno-long-long -Wundef -Wall -W -Wpointer-arith -Wwrite-strings -ansi -D_XOPEN_SOURCE=500 -D_BSD_SOURCE -Wcast-align -Wconversion -Wchar-subscripts -O2 -Wformat-security -Wmissing-format-attribute -fno-exceptions -fno-check-new -fno-common -O0   conftest.cpp  1>&5
configure:6736: $? = 0
configure:6766: result: yes
configure:6821: checking whether g++ supports -Wl,--no-undefined
configure:6861: rm -rf SunWS_cache; g++ -o conftest -Wnon-virtual-dtor -Wno-long-long -Wundef -Wall -W -Wpointer-arith -Wwrite-strings -ansi -D_XOPEN_SOURCE=500 -D_BSD_SOURCE -Wcast-align -Wconversion -Wchar-subscripts -O2 -Wformat-security -Wmissing-format-attribute -fno-exceptions -fno-check-new -fno-common -Wl,--no-undefined   conftest.cpp  1>&5
configure:6868: $? = 0
configure:6898: result: yes
configure:6902: checking whether g++ supports -Wl,--allow-shlib-undefined
configure:6942: rm -rf SunWS_cache; g++ -o conftest -Wnon-virtual-dtor -Wno-long-long -Wundef -Wall -W -Wpointer-arith -Wwrite-strings -ansi -D_XOPEN_SOURCE=500 -D_BSD_SOURCE -Wcast-align -Wconversion -Wchar-subscripts -O2 -Wformat-security -Wmissing-format-attribute -fno-exceptions -fno-check-new -fno-common -Wl,--allow-shlib-undefined   conftest.cpp  1>&5
configure:6949: $? = 0
configure:6979: result: yes
configure:7089: result: not using lib directory suffix
configure:7134: checking for a sed that does not truncate output
configure:7188: result: /bin/sed
configure:7191: checking for grep that handles long lines and -e
configure:7251: result: /bin/grep
configure:7256: checking for egrep
configure:7320: result: /bin/grep -E
configure:7336: checking for ld used by gcc
configure:7403: result: /usr/bin/ld
configure:7412: checking if the linker (/usr/bin/ld) is GNU ld
configure:7427: result: yes
configure:7432: checking for /usr/bin/ld option to reload object files
configure:7439: result: -r
configure:7448: checking for BSD-compatible nm
configure:7490: result: /usr/bin/nm -B
configure:7494: checking whether ln -s works
configure:7498: result: yes
configure:7505: checking how to recognise dependent libraries
configure:7708: result: pass_all
configure:7919: checking for ANSI C header files
configure:7949: gcc -c -ansi -W -Wall -Wchar-subscripts -Wshadow -Wpointer-arith -Wmissing-prototypes -Wwrite-strings -D_XOPEN_SOURCE=500 -D_BSD_SOURCE -O2   -Wformat-security -Wmissing-format-attribute  conftest.c >&5
configure:7956: $? = 0
configure:8055: gcc -o conftest -ansi -W -Wall -Wchar-subscripts -Wshadow -Wpointer-arith -Wmissing-prototypes -Wwrite-strings -D_XOPEN_SOURCE=500 -D_BSD_SOURCE -O2   -Wformat-security -Wmissing-format-attribute   conftest.c  >&5
configure:8059: $? = 0
configure:8065: ./conftest
configure:8069: $? = 0
configure:8087: result: yes
configure:8111: checking for sys/types.h
configure:8132: gcc -c -ansi -W -Wall -Wchar-subscripts -Wshadow -Wpointer-arith -Wmissing-prototypes -Wwrite-strings -D_XOPEN_SOURCE=500 -D_BSD_SOURCE -O2   -Wformat-security -Wmissing-format-attribute  conftest.c >&5
configure:8139: $? = 0
configure:8156: result: yes
configure:8111: checking for sys/stat.h
configure:8132: gcc -c -ansi -W -Wall -Wchar-subscripts -Wshadow -Wpointer-arith -Wmissing-prototypes -Wwrite-strings -D_XOPEN_SOURCE=500 -D_BSD_SOURCE -O2   -Wformat-security -Wmissing-format-attribute  conftest.c >&5
configure:8139: $? = 0
configure:8156: result: yes
configure:8111: checking for stdlib.h
configure:8132: gcc -c -ansi -W -Wall -Wchar-subscripts -Wshadow -Wpointer-arith -Wmissing-prototypes -Wwrite-strings -D_XOPEN_SOURCE=500 -D_BSD_SOURCE -O2   -Wformat-security -Wmissing-format-attribute  conftest.c >&5
configure:8139: $? = 0
configure:8156: result: yes
configure:8111: checking for string.h
configure:8132: gcc -c -ansi -W -Wall -Wchar-subscripts -Wshadow -Wpointer-arith -Wmissing-prototypes -Wwrite-strings -D_XOPEN_SOURCE=500 -D_BSD_SOURCE -O2   -Wformat-security -Wmissing-format-attribute  conftest.c >&5
configure:8139: $? = 0
configure:8156: result: yes
configure:8111: checking for memory.h
configure:8132: gcc -c -ansi -W -Wall -Wchar-subscripts -Wshadow -Wpointer-arith -Wmissing-prototypes -Wwrite-strings -D_XOPEN_SOURCE=500 -D_BSD_SOURCE -O2   -Wformat-security -Wmissing-format-attribute  conftest.c >&5
configure:8139: $? = 0
configure:8156: result: yes
configure:8111: checking for strings.h
configure:8132: gcc -c -ansi -W -Wall -Wchar-subscripts -Wshadow -Wpointer-arith -Wmissing-prototypes -Wwrite-strings -D_XOPEN_SOURCE=500 -D_BSD_SOURCE -O2   -Wformat-security -Wmissing-format-attribute  conftest.c >&5
configure:8139: $? = 0
configure:8156: result: yes
configure:8111: checking for inttypes.h
configure:8132: gcc -c -ansi -W -Wall -Wchar-subscripts -Wshadow -Wpointer-arith -Wmissing-prototypes -Wwrite-strings -D_XOPEN_SOURCE=500 -D_BSD_SOURCE -O2   -Wformat-security -Wmissing-format-attribute  conftest.c >&5
configure:8139: $? = 0
configure:8156: result: yes
configure:8111: checking for stdint.h
configure:8132: gcc -c -ansi -W -Wall -Wchar-subscripts -Wshadow -Wpointer-arith -Wmissing-prototypes -Wwrite-strings -D_XOPEN_SOURCE=500 -D_BSD_SOURCE -O2   -Wformat-security -Wmissing-format-attribute  conftest.c >&5
configure:8139: $? = 0
configure:8156: result: yes
configure:8111: checking for unistd.h
configure:8132: gcc -c -ansi -W -Wall -Wchar-subscripts -Wshadow -Wpointer-arith -Wmissing-prototypes -Wwrite-strings -D_XOPEN_SOURCE=500 -D_BSD_SOURCE -O2   -Wformat-security -Wmissing-format-attribute  conftest.c >&5
configure:8139: $? = 0
configure:8156: result: yes
configure:8186: checking dlfcn.h usability
configure:8203: gcc -c -ansi -W -Wall -Wchar-subscripts -Wshadow -Wpointer-arith -Wmissing-prototypes -Wwrite-strings -D_XOPEN_SOURCE=500 -D_BSD_SOURCE -O2   -Wformat-security -Wmissing-format-attribute  conftest.c >&5
configure:8210: $? = 0
configure:8224: result: yes
configure:8228: checking dlfcn.h presence
configure:8243: gcc -E  conftest.c
configure:8250: $? = 0
configure:8264: result: yes
configure:8292: checking for dlfcn.h
configure:8301: result: yes
configure:8369: checking for g77
configure:8399: result: no
configure:8369: checking for xlf
configure:8399: result: no
configure:8369: checking for f77
configure:8399: result: no
configure:8369: checking for frt
configure:8399: result: no
configure:8369: checking for pgf77
configure:8399: result: no
configure:8369: checking for cf77
configure:8399: result: no
configure:8369: checking for fort77
configure:8399: result: no
configure:8369: checking for fl32
configure:8399: result: no
configure:8369: checking for af77
configure:8399: result: no
configure:8369: checking for xlf90
configure:8399: result: no
configure:8369: checking for f90
configure:8399: result: no
configure:8369: checking for pgf90
configure:8399: result: no
configure:8369: checking for pghpf
configure:8399: result: no
configure:8369: checking for epcf90
configure:8399: result: no
configure:8369: checking for gfortran
configure:8399: result: no
configure:8369: checking for g95
configure:8399: result: no
configure:8369: checking for xlf95
configure:8399: result: no
configure:8369: checking for f95
configure:8399: result: no
configure:8369: checking for fort
configure:8399: result: no
configure:8369: checking for ifort
configure:8399: result: no
configure:8369: checking for ifc
configure:8399: result: no
configure:8369: checking for efc
configure:8399: result: no
configure:8369: checking for pgf95
configure:8399: result: no
configure:8369: checking for lf95
configure:8399: result: no
configure:8369: checking for ftn
configure:8399: result: no
configure:8422: checking for Fortran 77 compiler version
configure:8430:  --version >&5
./configure: line 8432: --version: command not found
configure:8434: $? = 127
configure:8441:  -v >&5
./configure: line 8443: -v: command not found
configure:8445: $? = 127
configure:8452:  -V >&5
./configure: line 8454: -V: command not found
configure:8456: $? = 127
configure:8464: checking whether we are using the GNU Fortran 77 compiler
configure:8483:  -c  conftest.F >&5
./configure: line 8485: -c: command not found
configure:8490: $? = 127
configure: failed program was:
|       program main
| #ifndef __GNUC__
|        choke me
| #endif
| 
|       end
configure:8507: result: no
configure:8513: checking whether  accepts -g
configure:8530:  -c -g conftest.f >&5
./configure: line 8532: -c: command not found
configure:8537: $? = 127
configure: failed program was:
|       program main
| 
|       end
configure:8553: result: no
configure:8587: checking the maximum length of command line arguments
configure:8646: result: 32768
configure:8657: checking command to parse /usr/bin/nm -B output from gcc object
configure:8746: gcc -c -ansi -W -Wall -Wchar-subscripts -Wshadow -Wpointer-arith -Wmissing-prototypes -Wwrite-strings -D_XOPEN_SOURCE=500 -D_BSD_SOURCE -O2   -Wformat-security -Wmissing-format-attribute  conftest.c >&5
conftest.c:5:6: warning: no previous prototype for 'nm_test_func' [-Wmissing-prototypes]
configure:8749: $? = 0
configure:8753: /usr/bin/nm -B conftest.o \| sed -n -e 's/^.*[ 	]\([ABCDGISTW][ABCDGISTW]*\)[ 	][ 	]*\(\)\([_A-Za-z][_A-Za-z0-9]*\)$/\1 \2\3 \3/p' \> conftest.nm
configure:8756: $? = 0
configure:8808: gcc -o conftest -ansi -W -Wall -Wchar-subscripts -Wshadow -Wpointer-arith -Wmissing-prototypes -Wwrite-strings -D_XOPEN_SOURCE=500 -D_BSD_SOURCE -O2   -Wformat-security -Wmissing-format-attribute   conftest.c conftstm.o >&5
configure:8811: $? = 0
configure:8849: result: ok
configure:8853: checking for objdir
configure:8868: result: .libs
configure:8960: checking for ar
configure:8976: found /usr/bin/ar
configure:8987: result: ar
configure:9052: checking for ranlib
configure:9068: found /usr/bin/ranlib
configure:9079: result: ranlib
configure:9144: checking for strip
configure:9160: found /usr/bin/strip
configure:9171: result: strip
configure:9443: checking if gcc static flag  works
configure:9466: result: yes
configure:9484: checking if gcc supports -fno-rtti -fno-exceptions
configure:9502: gcc -c -ansi -W -Wall -Wchar-subscripts -Wshadow -Wpointer-arith -Wmissing-prototypes -Wwrite-strings -D_XOPEN_SOURCE=500 -D_BSD_SOURCE -O2   -Wformat-security -Wmissing-format-attribute  -fno-rtti -fno-exceptions conftest.c >&5
cc1: warning: command line option '-fno-rtti' is valid for C++/ObjC++ but not for C [enabled by default]
configure:9506: $? = 0
configure:9517: result: no
configure:9532: checking for gcc option to produce PIC
configure:9709: result: -fPIC
configure:9717: checking if gcc PIC flag -fPIC works
configure:9735: gcc -c -ansi -W -Wall -Wchar-subscripts -Wshadow -Wpointer-arith -Wmissing-prototypes -Wwrite-strings -D_XOPEN_SOURCE=500 -D_BSD_SOURCE -O2   -Wformat-security -Wmissing-format-attribute  -fPIC -DPIC conftest.c >&5
configure:9739: $? = 0
configure:9750: result: yes
configure:9774: checking if gcc supports -c -o file.o
configure:9802: gcc -c -ansi -W -Wall -Wchar-subscripts -Wshadow -Wpointer-arith -Wmissing-prototypes -Wwrite-strings -D_XOPEN_SOURCE=500 -D_BSD_SOURCE -O2   -Wformat-security -Wmissing-format-attribute  -o out/conftest2.o conftest.c >&5
configure:9806: $? = 0
configure:9823: result: yes
configure:9849: checking whether the gcc linker (/usr/bin/ld) supports shared libraries
configure:10654: result: yes
configure:10680: checking whether -lc should be explicitly linked in
configure:10685: gcc -c -ansi -W -Wall -Wchar-subscripts -Wshadow -Wpointer-arith -Wmissing-prototypes -Wwrite-strings -D_XOPEN_SOURCE=500 -D_BSD_SOURCE -O2   -Wformat-security -Wmissing-format-attribute  conftest.c >&5
configure:10688: $? = 0
configure:10702: gcc -shared conftest.o  -v -Wl,-soname -Wl,conftest -o conftest 2\>\&1 \| grep  -lc  \>/dev/null 2\>\&1
configure:10705: $? = 0
configure:10717: result: no
configure:10725: checking dynamic linker characteristics
configure:11243: result: GNU/Linux ld.so
configure:11247: checking how to hardcode library paths into programs
configure:11272: result: immediate
configure:11286: checking whether stripping libraries is possible
configure:11291: result: yes
configure:11418: checking for shl_load
configure:11474: gcc -o conftest -ansi -W -Wall -Wchar-subscripts -Wshadow -Wpointer-arith -Wmissing-prototypes -Wwrite-strings -D_XOPEN_SOURCE=500 -D_BSD_SOURCE -O2   -Wformat-security -Wmissing-format-attribute   conftest.c  >&5
/tmp/ccx9N9Xj.o: In function `main':
conftest.c:(.text.startup+0x7): undefined reference to `shl_load'
collect2: ld returned 1 exit status
configure:11481: $? = 1
configure: failed program was:
| /* confdefs.h.  */
| #define PACKAGE_NAME ""
| #define PACKAGE_TARNAME ""
| #define PACKAGE_VERSION ""
| #define PACKAGE_STRING ""
| #define PACKAGE_BUGREPORT ""
| #define PACKAGE "xpertmud"
| #define VERSION "3.2alpha1"
| #define KDELIBSUFF ""
| #define STDC_HEADERS 1
| #define HAVE_SYS_TYPES_H 1
| #define HAVE_SYS_STAT_H 1
| #define HAVE_STDLIB_H 1
| #define HAVE_STRING_H 1
| #define HAVE_MEMORY_H 1
| #define HAVE_STRINGS_H 1
| #define HAVE_INTTYPES_H 1
| #define HAVE_STDINT_H 1
| #define HAVE_UNISTD_H 1
| #define HAVE_DLFCN_H 1
| /* end confdefs.h.  */
| /* Define shl_load to an innocuous variant, in case <limits.h> declares shl_load.
|    For example, HP-UX 11i <limits.h> declares gettimeofday.  */
| #define shl_load innocuous_shl_load
| 
| /* System header to define __stub macros and hopefully few prototypes,
|     which can conflict with char shl_load (); below.
|     Prefer <limits.h> to <assert.h> if __STDC__ is defined, since
|     <limits.h> exists even on freestanding compilers.  */
| 
| #ifdef __STDC__
| # include <limits.h>
| #else
| # include <assert.h>
| #endif
| 
| #undef shl_load
| 
| /* Override any GCC internal prototype to avoid an error.
|    Use char because int might match the return type of a GCC
|    builtin and then its argument prototype would still apply.  */
| #ifdef __cplusplus
| extern "C"
| #endif
| char shl_load ();
| /* The GNU C library defines this for functions which it implements
|     to always fail with ENOSYS.  Some functions are actually named
|     something starting with __ and the normal name is an alias.  */
| #if defined __stub_shl_load || defined __stub___shl_load
| choke me
| #endif
| 
| int
| main ()
| {
| return shl_load ();
|   ;
|   return 0;
| }
configure:11501: result: no
configure:11506: checking for shl_load in -ldld
configure:11541: gcc -o conftest -ansi -W -Wall -Wchar-subscripts -Wshadow -Wpointer-arith -Wmissing-prototypes -Wwrite-strings -D_XOPEN_SOURCE=500 -D_BSD_SOURCE -O2   -Wformat-security -Wmissing-format-attribute   conftest.c -ldld   >&5
/usr/bin/ld: cannot find -ldld
collect2: ld returned 1 exit status
configure:11548: $? = 1
configure: failed program was:
| /* confdefs.h.  */
| #define PACKAGE_NAME ""
| #define PACKAGE_TARNAME ""
| #define PACKAGE_VERSION ""
| #define PACKAGE_STRING ""
| #define PACKAGE_BUGREPORT ""
| #define PACKAGE "xpertmud"
| #define VERSION "3.2alpha1"
| #define KDELIBSUFF ""
| #define STDC_HEADERS 1
| #define HAVE_SYS_TYPES_H 1
| #define HAVE_SYS_STAT_H 1
| #define HAVE_STDLIB_H 1
| #define HAVE_STRING_H 1
| #define HAVE_MEMORY_H 1
| #define HAVE_STRINGS_H 1
| #define HAVE_INTTYPES_H 1
| #define HAVE_STDINT_H 1
| #define HAVE_UNISTD_H 1
| #define HAVE_DLFCN_H 1
| /* end confdefs.h.  */
| 
| /* Override any GCC internal prototype to avoid an error.
|    Use char because int might match the return type of a GCC
|    builtin and then its argument prototype would still apply.  */
| #ifdef __cplusplus
| extern "C"
| #endif
| char shl_load ();
| int
| main ()
| {
| return shl_load ();
|   ;
|   return 0;
| }
configure:11569: result: no
configure:11574: checking for dlopen
configure:11630: gcc -o conftest -ansi -W -Wall -Wchar-subscripts -Wshadow -Wpointer-arith -Wmissing-prototypes -Wwrite-strings -D_XOPEN_SOURCE=500 -D_BSD_SOURCE -O2   -Wformat-security -Wmissing-format-attribute   conftest.c  >&5
/tmp/ccHHMlXr.o: In function `main':
conftest.c:(.text.startup+0x7): undefined reference to `dlopen'
collect2: ld returned 1 exit status
configure:11637: $? = 1
configure: failed program was:
| /* confdefs.h.  */
| #define PACKAGE_NAME ""
| #define PACKAGE_TARNAME ""
| #define PACKAGE_VERSION ""
| #define PACKAGE_STRING ""
| #define PACKAGE_BUGREPORT ""
| #define PACKAGE "xpertmud"
| #define VERSION "3.2alpha1"
| #define KDELIBSUFF ""
| #define STDC_HEADERS 1
| #define HAVE_SYS_TYPES_H 1
| #define HAVE_SYS_STAT_H 1
| #define HAVE_STDLIB_H 1
| #define HAVE_STRING_H 1
| #define HAVE_MEMORY_H 1
| #define HAVE_STRINGS_H 1
| #define HAVE_INTTYPES_H 1
| #define HAVE_STDINT_H 1
| #define HAVE_UNISTD_H 1
| #define HAVE_DLFCN_H 1
| /* end confdefs.h.  */
| /* Define dlopen to an innocuous variant, in case <limits.h> declares dlopen.
|    For example, HP-UX 11i <limits.h> declares gettimeofday.  */
| #define dlopen innocuous_dlopen
| 
| /* System header to define __stub macros and hopefully few prototypes,
|     which can conflict with char dlopen (); below.
|     Prefer <limits.h> to <assert.h> if __STDC__ is defined, since
|     <limits.h> exists even on freestanding compilers.  */
| 
| #ifdef __STDC__
| # include <limits.h>
| #else
| # include <assert.h>
| #endif
| 
| #undef dlopen
| 
| /* Override any GCC internal prototype to avoid an error.
|    Use char because int might match the return type of a GCC
|    builtin and then its argument prototype would still apply.  */
| #ifdef __cplusplus
| extern "C"
| #endif
| char dlopen ();
| /* The GNU C library defines this for functions which it implements
|     to always fail with ENOSYS.  Some functions are actually named
|     something starting with __ and the normal name is an alias.  */
| #if defined __stub_dlopen || defined __stub___dlopen
| choke me
| #endif
| 
| int
| main ()
| {
| return dlopen ();
|   ;
|   return 0;
| }
configure:11657: result: no
configure:11662: checking for dlopen in -ldl
configure:11697: gcc -o conftest -ansi -W -Wall -Wchar-subscripts -Wshadow -Wpointer-arith -Wmissing-prototypes -Wwrite-strings -D_XOPEN_SOURCE=500 -D_BSD_SOURCE -O2   -Wformat-security -Wmissing-format-attribute   conftest.c -ldl   >&5
configure:11704: $? = 0
configure:11725: result: yes
configure:11902: checking whether a program can dlopen itself
configure:11974: gcc -o conftest -ansi -W -Wall -Wchar-subscripts -Wshadow -Wpointer-arith -Wmissing-prototypes -Wwrite-strings -D_XOPEN_SOURCE=500 -D_BSD_SOURCE -O2   -Wformat-security -Wmissing-format-attribute  -DHAVE_DLFCN_H  -Wl,--export-dynamic conftest.c -ldl  >&5
configure:11957:6: warning: no previous prototype for 'fnord' [-Wmissing-prototypes]
configure: In function 'fnord':
configure:11957:20: warning: unused variable 'i' [-Wunused-variable]
configure: In function 'main':
configure:11970:5: warning: implicit declaration of function 'exit' [-Wimplicit-function-declaration]
configure:11970:5: warning: incompatible implicit declaration of built-in function 'exit' [enabled by default]
configure:11977: $? = 0
configure:11995: result: yes
configure:12000: checking whether a statically linked program can dlopen itself
configure:12072: gcc -o conftest -ansi -W -Wall -Wchar-subscripts -Wshadow -Wpointer-arith -Wmissing-prototypes -Wwrite-strings -D_XOPEN_SOURCE=500 -D_BSD_SOURCE -O2   -Wformat-security -Wmissing-format-attribute  -DHAVE_DLFCN_H  -Wl,--export-dynamic  conftest.c -ldl  >&5
configure:12055:6: warning: no previous prototype for 'fnord' [-Wmissing-prototypes]
configure: In function 'fnord':
configure:12055:20: warning: unused variable 'i' [-Wunused-variable]
configure: In function 'main':
configure:12068:5: warning: implicit declaration of function 'exit' [-Wimplicit-function-declaration]
configure:12068:5: warning: incompatible implicit declaration of built-in function 'exit' [enabled by default]
configure:12075: $? = 0
configure:12093: result: yes
configure:12116: checking if libtool supports shared libraries
configure:12118: result: yes
configure:12121: checking whether to build shared libraries
configure:12168: result: yes
configure:12171: checking whether to build static libraries
configure:12175: result: no
configure:12266: creating libtool
configure:12810: checking for ld used by g++
configure:12877: result: /usr/bin/ld
configure:12886: checking if the linker (/usr/bin/ld) is GNU ld
configure:12901: result: yes
configure:12952: checking whether the g++ linker (/usr/bin/ld) supports shared libraries
configure:13759: result: yes
configure:13777: g++ -c -Wnon-virtual-dtor -Wno-long-long -Wundef -Wall -W -Wpointer-arith -Wwrite-strings -ansi -D_XOPEN_SOURCE=500 -D_BSD_SOURCE -Wcast-align -Wconversion -Wchar-subscripts -O2 -Wformat-security -Wmissing-format-attribute -fno-exceptions -fno-check-new -fno-common  conftest.cc >&5
configure:13780: $? = 0
configure:13876: checking for g++ option to produce PIC
configure:14128: result: -fPIC
configure:14136: checking if g++ PIC flag -fPIC works
configure:14154: g++ -c -Wnon-virtual-dtor -Wno-long-long -Wundef -Wall -W -Wpointer-arith -Wwrite-strings -ansi -D_XOPEN_SOURCE=500 -D_BSD_SOURCE -Wcast-align -Wconversion -Wchar-subscripts -O2 -Wformat-security -Wmissing-format-attribute -fno-exceptions -fno-check-new -fno-common  -fPIC -DPIC conftest.cc >&5
configure:14158: $? = 0
configure:14169: result: yes
configure:14193: checking if g++ supports -c -o file.o
configure:14221: g++ -c -Wnon-virtual-dtor -Wno-long-long -Wundef -Wall -W -Wpointer-arith -Wwrite-strings -ansi -D_XOPEN_SOURCE=500 -D_BSD_SOURCE -Wcast-align -Wconversion -Wchar-subscripts -O2 -Wformat-security -Wmissing-format-attribute -fno-exceptions -fno-check-new -fno-common  -o out/conftest2.o conftest.cc >&5
configure:14225: $? = 0
configure:14242: result: yes
configure:14268: checking whether the g++ linker (/usr/bin/ld) supports shared libraries
configure:14293: result: yes
configure:14364: checking dynamic linker characteristics
configure:14882: result: GNU/Linux ld.so
configure:14886: checking how to hardcode library paths into programs
configure:14911: result: immediate
configure:14925: checking whether stripping libraries is possible
configure:14930: result: yes
configure:15057: checking for shl_load
configure:15140: result: no
configure:15145: checking for shl_load in -ldld
configure:15208: result: no
configure:15213: checking for dlopen
configure:15296: result: no
configure:15301: checking for dlopen in -ldl
configure:15364: result: yes
configure:15541: checking whether a program can dlopen itself
configure:15634: result: yes
configure:15639: checking whether a statically linked program can dlopen itself
configure:15732: result: yes
configure:22043: checking for msgfmt
configure:22070: result: /usr/bin/msgfmt
configure:22079: checking for gmsgfmt
configure:22110: result: /usr/bin/msgfmt
configure:22130: checking for xgettext
configure:22157: result: /usr/bin/xgettext
configure:22269: checking if C++ programs can be compiled
configure:22303: g++ -c -Wnon-virtual-dtor -Wno-long-long -Wundef -Wall -W -Wpointer-arith -Wwrite-strings -ansi -D_XOPEN_SOURCE=500 -D_BSD_SOURCE -Wcast-align -Wconversion -Wchar-subscripts -O2 -Wformat-security -Wmissing-format-attribute  -fno-check-new -fno-common  conftest.cpp >&5
configure:22310: $? = 0
configure:22328: result: yes
configure:22358: checking for strlcat
configure:22410: g++ -c -Wnon-virtual-dtor -Wno-long-long -Wundef -Wall -W -Wpointer-arith -Wwrite-strings -ansi -D_XOPEN_SOURCE=500 -D_BSD_SOURCE -Wcast-align -Wconversion -Wchar-subscripts -O2 -Wformat-security -Wmissing-format-attribute -fno-exceptions -fno-check-new -fno-common -pedantic-errors  conftest.cpp >&5
conftest.cpp: In function 'int main()':
conftest.cpp:34:48: error: 'strlcat' was not declared in this scope
configure:22417: $? = 1
configure: failed program was:
| /* confdefs.h.  */
| #define PACKAGE_NAME ""
| #define PACKAGE_TARNAME ""
| #define PACKAGE_VERSION ""
| #define PACKAGE_STRING ""
| #define PACKAGE_BUGREPORT ""
| #define PACKAGE "xpertmud"
| #define VERSION "3.2alpha1"
| #define KDELIBSUFF ""
| #define STDC_HEADERS 1
| #define HAVE_SYS_TYPES_H 1
| #define HAVE_SYS_STAT_H 1
| #define HAVE_STDLIB_H 1
| #define HAVE_STRING_H 1
| #define HAVE_MEMORY_H 1
| #define HAVE_STRINGS_H 1
| #define HAVE_INTTYPES_H 1
| #define HAVE_STDINT_H 1
| #define HAVE_UNISTD_H 1
| #define HAVE_DLFCN_H 1
| #define HAVE_SGI_STL 1
| /* end confdefs.h.  */
| 
| 
| #include <string.h>
| 
| 
| int
| main ()
| {
| 
|  char buf[20];
|   buf[0]='\0';
|   strlcat(buf, "KDE function test", sizeof(buf));
| 
| 
|   ;
|   return 0;
| }
configure:22443: result: no
configure:22446: checking if strlcat needs custom prototype
configure:22550: result: yes - in libkdefakes
configure:22575: checking for strlcpy
configure:22626: g++ -c -Wnon-virtual-dtor -Wno-long-long -Wundef -Wall -W -Wpointer-arith -Wwrite-strings -ansi -D_XOPEN_SOURCE=500 -D_BSD_SOURCE -Wcast-align -Wconversion -Wchar-subscripts -O2 -Wformat-security -Wmissing-format-attribute -fno-exceptions -fno-check-new -fno-common -pedantic-errors  conftest.cpp >&5
conftest.cpp: In function 'int main()':
conftest.cpp:33:48: error: 'strlcpy' was not declared in this scope
configure:22633: $? = 1
configure: failed program was:
| /* confdefs.h.  */
| #define PACKAGE_NAME ""
| #define PACKAGE_TARNAME ""
| #define PACKAGE_VERSION ""
| #define PACKAGE_STRING ""
| #define PACKAGE_BUGREPORT ""
| #define PACKAGE "xpertmud"
| #define VERSION "3.2alpha1"
| #define KDELIBSUFF ""
| #define STDC_HEADERS 1
| #define HAVE_SYS_TYPES_H 1
| #define HAVE_SYS_STAT_H 1
| #define HAVE_STDLIB_H 1
| #define HAVE_STRING_H 1
| #define HAVE_MEMORY_H 1
| #define HAVE_STRINGS_H 1
| #define HAVE_INTTYPES_H 1
| #define HAVE_STDINT_H 1
| #define HAVE_UNISTD_H 1
| #define HAVE_DLFCN_H 1
| #define HAVE_SGI_STL 1
| /* end confdefs.h.  */
| 
| 
| #include <string.h>
| 
| 
| int
| main ()
| {
| 
|  char buf[20];
|   strlcpy(buf, "KDE function test", sizeof(buf));
| 
| 
|   ;
|   return 0;
| }
configure:22659: result: no
configure:22662: checking if strlcpy needs custom prototype
configure:22765: result: yes - in libkdefakes
configure:22789: checking for main in -lutil
configure:22818: gcc -o conftest -ansi -W -Wall -Wchar-subscripts -Wshadow -Wpointer-arith -Wmissing-prototypes -Wwrite-strings -D_XOPEN_SOURCE=500 -D_BSD_SOURCE -O2   -Wformat-security -Wmissing-format-attribute   conftest.c -lutil   >&5
configure:22825: $? = 0
configure:22846: result: yes
configure:22852: checking for main in -lcompat
configure:22881: gcc -o conftest -ansi -W -Wall -Wchar-subscripts -Wshadow -Wpointer-arith -Wmissing-prototypes -Wwrite-strings -D_XOPEN_SOURCE=500 -D_BSD_SOURCE -O2   -Wformat-security -Wmissing-format-attribute   conftest.c -lcompat   >&5
/usr/bin/ld: cannot find -lcompat
collect2: ld returned 1 exit status
configure:22888: $? = 1
configure: failed program was:
| /* confdefs.h.  */
| #define PACKAGE_NAME ""
| #define PACKAGE_TARNAME ""
| #define PACKAGE_VERSION ""
| #define PACKAGE_STRING ""
| #define PACKAGE_BUGREPORT ""
| #define PACKAGE "xpertmud"
| #define VERSION "3.2alpha1"
| #define KDELIBSUFF ""
| #define STDC_HEADERS 1
| #define HAVE_SYS_TYPES_H 1
| #define HAVE_SYS_STAT_H 1
| #define HAVE_STDLIB_H 1
| #define HAVE_STRING_H 1
| #define HAVE_MEMORY_H 1
| #define HAVE_STRINGS_H 1
| #define HAVE_INTTYPES_H 1
| #define HAVE_STDINT_H 1
| #define HAVE_UNISTD_H 1
| #define HAVE_DLFCN_H 1
| #define HAVE_SGI_STL 1
| /* end confdefs.h.  */
| 
| 
| int
| main ()
| {
| return main ();
|   ;
|   return 0;
| }
configure:22909: result: no
configure:22916: checking for crypt in -lcrypt
configure:22951: gcc -o conftest -ansi -W -Wall -Wchar-subscripts -Wshadow -Wpointer-arith -Wmissing-prototypes -Wwrite-strings -D_XOPEN_SOURCE=500 -D_BSD_SOURCE -O2   -Wformat-security -Wmissing-format-attribute   conftest.c -lcrypt   >&5
configure:22958: $? = 0
configure:22979: result: yes
configure:23074: checking for socklen_t
configure:23117: g++ -c -Wnon-virtual-dtor -Wno-long-long -Wundef -Wall -W -Wpointer-arith -Wwrite-strings -ansi -D_XOPEN_SOURCE=500 -D_BSD_SOURCE -Wcast-align -Wconversion -Wchar-subscripts -O2 -Wformat-security -Wmissing-format-attribute -fno-exceptions -fno-check-new -fno-common  conftest.cpp >&5
configure:23124: $? = 0
configure:23197: result: socklen_t
configure:23213: checking for dnet_ntoa in -ldnet
configure:23248: gcc -o conftest -ansi -W -Wall -Wchar-subscripts -Wshadow -Wpointer-arith -Wmissing-prototypes -Wwrite-strings -D_XOPEN_SOURCE=500 -D_BSD_SOURCE -O2   -Wformat-security -Wmissing-format-attribute   conftest.c -ldnet   >&5
/usr/bin/ld: cannot find -ldnet
collect2: ld returned 1 exit status
configure:23255: $? = 1
configure: failed program was:
| /* confdefs.h.  */
| #define PACKAGE_NAME ""
| #define PACKAGE_TARNAME ""
| #define PACKAGE_VERSION ""
| #define PACKAGE_STRING ""
| #define PACKAGE_BUGREPORT ""
| #define PACKAGE "xpertmud"
| #define VERSION "3.2alpha1"
| #define KDELIBSUFF ""
| #define STDC_HEADERS 1
| #define HAVE_SYS_TYPES_H 1
| #define HAVE_SYS_STAT_H 1
| #define HAVE_STDLIB_H 1
| #define HAVE_STRING_H 1
| #define HAVE_MEMORY_H 1
| #define HAVE_STRINGS_H 1
| #define HAVE_INTTYPES_H 1
| #define HAVE_STDINT_H 1
| #define HAVE_UNISTD_H 1
| #define HAVE_DLFCN_H 1
| #define HAVE_SGI_STL 1
| #define HAVE_CRYPT 1
| #define ksize_t socklen_t
| /* end confdefs.h.  */
| 
| /* Override any GCC internal prototype to avoid an error.
|    Use char because int might match the return type of a GCC
|    builtin and then its argument prototype would still apply.  */
| #ifdef __cplusplus
| extern "C"
| #endif
| char dnet_ntoa ();
| int
| main ()
| {
| return dnet_ntoa ();
|   ;
|   return 0;
| }
configure:23276: result: no
configure:23283: checking for dnet_ntoa in -ldnet_stub
configure:23318: gcc -o conftest -ansi -W -Wall -Wchar-subscripts -Wshadow -Wpointer-arith -Wmissing-prototypes -Wwrite-strings -D_XOPEN_SOURCE=500 -D_BSD_SOURCE -O2   -Wformat-security -Wmissing-format-attribute   conftest.c -ldnet_stub   >&5
/usr/bin/ld: cannot find -ldnet_stub
collect2: ld returned 1 exit status
configure:23325: $? = 1
configure: failed program was:
| /* confdefs.h.  */
| #define PACKAGE_NAME ""
| #define PACKAGE_TARNAME ""
| #define PACKAGE_VERSION ""
| #define PACKAGE_STRING ""
| #define PACKAGE_BUGREPORT ""
| #define PACKAGE "xpertmud"
| #define VERSION "3.2alpha1"
| #define KDELIBSUFF ""
| #define STDC_HEADERS 1
| #define HAVE_SYS_TYPES_H 1
| #define HAVE_SYS_STAT_H 1
| #define HAVE_STDLIB_H 1
| #define HAVE_STRING_H 1
| #define HAVE_MEMORY_H 1
| #define HAVE_STRINGS_H 1
| #define HAVE_INTTYPES_H 1
| #define HAVE_STDINT_H 1
| #define HAVE_UNISTD_H 1
| #define HAVE_DLFCN_H 1
| #define HAVE_SGI_STL 1
| #define HAVE_CRYPT 1
| #define ksize_t socklen_t
| /* end confdefs.h.  */
| 
| /* Override any GCC internal prototype to avoid an error.
|    Use char because int might match the return type of a GCC
|    builtin and then its argument prototype would still apply.  */
| #ifdef __cplusplus
| extern "C"
| #endif
| char dnet_ntoa ();
| int
| main ()
| {
| return dnet_ntoa ();
|   ;
|   return 0;
| }
configure:23346: result: no
configure:23353: checking for inet_ntoa
configure:23409: gcc -o conftest -ansi -W -Wall -Wchar-subscripts -Wshadow -Wpointer-arith -Wmissing-prototypes -Wwrite-strings -D_XOPEN_SOURCE=500 -D_BSD_SOURCE -O2   -Wformat-security -Wmissing-format-attribute   conftest.c  >&5
configure:23416: $? = 0
configure:23436: result: yes
configure:23510: checking for connect
configure:23566: gcc -o conftest -ansi -W -Wall -Wchar-subscripts -Wshadow -Wpointer-arith -Wmissing-prototypes -Wwrite-strings -D_XOPEN_SOURCE=500 -D_BSD_SOURCE -O2   -Wformat-security -Wmissing-format-attribute   conftest.c  >&5
configure:23573: $? = 0
configure:23593: result: yes
configure:23668: checking for remove
configure:23724: gcc -o conftest -ansi -W -Wall -Wchar-subscripts -Wshadow -Wpointer-arith -Wmissing-prototypes -Wwrite-strings -D_XOPEN_SOURCE=500 -D_BSD_SOURCE -O2   -Wformat-security -Wmissing-format-attribute   conftest.c  >&5
configure:23731: $? = 0
configure:23751: result: yes
configure:23827: checking for shmat
configure:23883: gcc -o conftest -ansi -W -Wall -Wchar-subscripts -Wshadow -Wpointer-arith -Wmissing-prototypes -Wwrite-strings -D_XOPEN_SOURCE=500 -D_BSD_SOURCE -O2   -Wformat-security -Wmissing-format-attribute   conftest.c  >&5
configure:23890: $? = 0
configure:23910: result: yes
configure:23994: checking for sys/types.h
configure:24001: result: yes
configure:23994: checking for stdint.h
configure:24001: result: yes
configure:24137: checking for poll in -lpoll
configure:24172: gcc -o conftest -ansi -W -Wall -Wchar-subscripts -Wshadow -Wpointer-arith -Wmissing-prototypes -Wwrite-strings -D_XOPEN_SOURCE=500 -D_BSD_SOURCE -O2   -Wformat-security -Wmissing-format-attribute   conftest.c -lpoll   >&5
/usr/bin/ld: cannot find -lpoll
collect2: ld returned 1 exit status
configure:24179: $? = 1
configure: failed program was:
| /* confdefs.h.  */
| #define PACKAGE_NAME ""
| #define PACKAGE_TARNAME ""
| #define PACKAGE_VERSION ""
| #define PACKAGE_STRING ""
| #define PACKAGE_BUGREPORT ""
| #define PACKAGE "xpertmud"
| #define VERSION "3.2alpha1"
| #define KDELIBSUFF ""
| #define STDC_HEADERS 1
| #define HAVE_SYS_TYPES_H 1
| #define HAVE_SYS_STAT_H 1
| #define HAVE_STDLIB_H 1
| #define HAVE_STRING_H 1
| #define HAVE_MEMORY_H 1
| #define HAVE_STRINGS_H 1
| #define HAVE_INTTYPES_H 1
| #define HAVE_STDINT_H 1
| #define HAVE_UNISTD_H 1
| #define HAVE_DLFCN_H 1
| #define HAVE_SGI_STL 1
| #define HAVE_CRYPT 1
| #define ksize_t socklen_t
| #define HAVE_SYS_TYPES_H 1
| #define HAVE_STDINT_H 1
| /* end confdefs.h.  */
| 
| /* Override any GCC internal prototype to avoid an error.
|    Use char because int might match the return type of a GCC
|    builtin and then its argument prototype would still apply.  */
| #ifdef __cplusplus
| extern "C"
| #endif
| char poll ();
| int
| main ()
| {
| return poll ();
|   ;
|   return 0;
| }
configure:24200: result: no
configure:24218: checking CoreAudio/CoreAudio.h usability
configure:24235: gcc -c -ansi -W -Wall -Wchar-subscripts -Wshadow -Wpointer-arith -Wmissing-prototypes -Wwrite-strings -D_XOPEN_SOURCE=500 -D_BSD_SOURCE -O2   -Wformat-security -Wmissing-format-attribute  conftest.c >&5
conftest.c:60:33: fatal error: CoreAudio/CoreAudio.h: No such file or directory
compilation terminated.
configure:24242: $? = 1
configure: failed program was:
| /* confdefs.h.  */
| #define PACKAGE_NAME ""
| #define PACKAGE_TARNAME ""
| #define PACKAGE_VERSION ""
| #define PACKAGE_STRING ""
| #define PACKAGE_BUGREPORT ""
| #define PACKAGE "xpertmud"
| #define VERSION "3.2alpha1"
| #define KDELIBSUFF ""
| #define STDC_HEADERS 1
| #define HAVE_SYS_TYPES_H 1
| #define HAVE_SYS_STAT_H 1
| #define HAVE_STDLIB_H 1
| #define HAVE_STRING_H 1
| #define HAVE_MEMORY_H 1
| #define HAVE_STRINGS_H 1
| #define HAVE_INTTYPES_H 1
| #define HAVE_STDINT_H 1
| #define HAVE_UNISTD_H 1
| #define HAVE_DLFCN_H 1
| #define HAVE_SGI_STL 1
| #define HAVE_CRYPT 1
| #define ksize_t socklen_t
| #define HAVE_SYS_TYPES_H 1
| #define HAVE_STDINT_H 1
| /* end confdefs.h.  */
| #include <stdio.h>
| #ifdef HAVE_SYS_TYPES_H
| # include <sys/types.h>
| #endif
| #ifdef HAVE_SYS_STAT_H
| # include <sys/stat.h>
| #endif
| #ifdef STDC_HEADERS
| # include <stdlib.h>
| # include <stddef.h>
| #else
| # ifdef HAVE_STDLIB_H
| #  include <stdlib.h>
| # endif
| #endif
| #ifdef HAVE_STRING_H
| # if !defined STDC_HEADERS && defined HAVE_MEMORY_H
| #  include <memory.h>
| # endif
| # include <string.h>
| #endif
| #ifdef HAVE_STRINGS_H
| # include <strings.h>
| #endif
| #ifdef HAVE_INTTYPES_H
| # include <inttypes.h>
| #endif
| #ifdef HAVE_STDINT_H
| # include <stdint.h>
| #endif
| #ifdef HAVE_UNISTD_H
| # include <unistd.h>
| #endif
| #include <CoreAudio/CoreAudio.h>
configure:24256: result: no
configure:24260: checking CoreAudio/CoreAudio.h presence
configure:24275: gcc -E  conftest.c
conftest.c:27:33: fatal error: CoreAudio/CoreAudio.h: No such file or directory
compilation terminated.
configure:24282: $? = 1
configure: failed program was:
| /* confdefs.h.  */
| #define PACKAGE_NAME ""
| #define PACKAGE_TARNAME ""
| #define PACKAGE_VERSION ""
| #define PACKAGE_STRING ""
| #define PACKAGE_BUGREPORT ""
| #define PACKAGE "xpertmud"
| #define VERSION "3.2alpha1"
| #define KDELIBSUFF ""
| #define STDC_HEADERS 1
| #define HAVE_SYS_TYPES_H 1
| #define HAVE_SYS_STAT_H 1
| #define HAVE_STDLIB_H 1
| #define HAVE_STRING_H 1
| #define HAVE_MEMORY_H 1
| #define HAVE_STRINGS_H 1
| #define HAVE_INTTYPES_H 1
| #define HAVE_STDINT_H 1
| #define HAVE_UNISTD_H 1
| #define HAVE_DLFCN_H 1
| #define HAVE_SGI_STL 1
| #define HAVE_CRYPT 1
| #define ksize_t socklen_t
| #define HAVE_SYS_TYPES_H 1
| #define HAVE_STDINT_H 1
| /* end confdefs.h.  */
| #include <CoreAudio/CoreAudio.h>
configure:24296: result: no
configure:24324: checking for CoreAudio/CoreAudio.h
configure:24331: result: no
configure:24349: checking if res_init needs -lresolv
configure:24381: gcc -o conftest -ansi -W -Wall -Wchar-subscripts -Wshadow -Wpointer-arith -Wmissing-prototypes -Wwrite-strings -D_XOPEN_SOURCE=500 -D_BSD_SOURCE -O2   -Wformat-security -Wmissing-format-attribute   conftest.c   -lresolv >&5
configure:24388: $? = 0
configure:24398: result: yes
configure:24421: checking if res_init is available
configure:24451: gcc -c -ansi -W -Wall -Wchar-subscripts -Wshadow -Wpointer-arith -Wmissing-prototypes -Wwrite-strings -D_XOPEN_SOURCE=500 -D_BSD_SOURCE -O2   -Wformat-security -Wmissing-format-attribute  conftest.c >&5
configure:24458: $? = 0
configure:24464: result: yes
configure:24488: checking for killpg in -lucb
configure:24523: gcc -o conftest -ansi -W -Wall -Wchar-subscripts -Wshadow -Wpointer-arith -Wmissing-prototypes -Wwrite-strings -D_XOPEN_SOURCE=500 -D_BSD_SOURCE -O2   -Wformat-security -Wmissing-format-attribute   conftest.c -lucb   >&5
/usr/bin/ld: cannot find -lucb
collect2: ld returned 1 exit status
configure:24530: $? = 1
configure: failed program was:
| /* confdefs.h.  */
| #define PACKAGE_NAME ""
| #define PACKAGE_TARNAME ""
| #define PACKAGE_VERSION ""
| #define PACKAGE_STRING ""
| #define PACKAGE_BUGREPORT ""
| #define PACKAGE "xpertmud"
| #define VERSION "3.2alpha1"
| #define KDELIBSUFF ""
| #define STDC_HEADERS 1
| #define HAVE_SYS_TYPES_H 1
| #define HAVE_SYS_STAT_H 1
| #define HAVE_STDLIB_H 1
| #define HAVE_STRING_H 1
| #define HAVE_MEMORY_H 1
| #define HAVE_STRINGS_H 1
| #define HAVE_INTTYPES_H 1
| #define HAVE_STDINT_H 1
| #define HAVE_UNISTD_H 1
| #define HAVE_DLFCN_H 1
| #define HAVE_SGI_STL 1
| #define HAVE_CRYPT 1
| #define ksize_t socklen_t
| #define HAVE_SYS_TYPES_H 1
| #define HAVE_STDINT_H 1
| #define HAVE_RES_INIT 1
| #define HAVE_RES_INIT 1
| /* end confdefs.h.  */
| 
| /* Override any GCC internal prototype to avoid an error.
|    Use char because int might match the return type of a GCC
|    builtin and then its argument prototype would still apply.  */
| #ifdef __cplusplus
| extern "C"
| #endif
| char killpg ();
| int
| main ()
| {
| return killpg ();
|   ;
|   return 0;
| }
configure:24551: result: no
configure:24639: checking size of int
configure:24944: gcc -o conftest -ansi -W -Wall -Wchar-subscripts -Wshadow -Wpointer-arith -Wmissing-prototypes -Wwrite-strings -D_XOPEN_SOURCE=500 -D_BSD_SOURCE -O2   -Wformat-security -Wmissing-format-attribute   conftest.c  >&5
configure:24948: $? = 0
configure:24954: ./conftest
configure:24958: $? = 0
configure:24984: result: 4
configure:24997: checking size of short
configure:25302: gcc -o conftest -ansi -W -Wall -Wchar-subscripts -Wshadow -Wpointer-arith -Wmissing-prototypes -Wwrite-strings -D_XOPEN_SOURCE=500 -D_BSD_SOURCE -O2   -Wformat-security -Wmissing-format-attribute   conftest.c  >&5
configure:25306: $? = 0
configure:25312: ./conftest
configure:25316: $? = 0
configure:25342: result: 2
configure:25355: checking size of long
configure:25660: gcc -o conftest -ansi -W -Wall -Wchar-subscripts -Wshadow -Wpointer-arith -Wmissing-prototypes -Wwrite-strings -D_XOPEN_SOURCE=500 -D_BSD_SOURCE -O2   -Wformat-security -Wmissing-format-attribute   conftest.c  >&5
configure:25664: $? = 0
configure:25670: ./conftest
configure:25674: $? = 0
configure:25700: result: 4
configure:25713: checking size of char *
configure:26018: gcc -o conftest -ansi -W -Wall -Wchar-subscripts -Wshadow -Wpointer-arith -Wmissing-prototypes -Wwrite-strings -D_XOPEN_SOURCE=500 -D_BSD_SOURCE -O2   -Wformat-security -Wmissing-format-attribute   conftest.c  >&5
configure:26022: $? = 0
configure:26028: ./conftest
configure:26032: $? = 0
configure:26058: result: 4
configure:26069: checking for dlopen in -ldl
configure:26132: result: yes
configure:26142: checking for shl_unload in -ldld
configure:26177: gcc -o conftest -ansi -W -Wall -Wchar-subscripts -Wshadow -Wpointer-arith -Wmissing-prototypes -Wwrite-strings -D_XOPEN_SOURCE=500 -D_BSD_SOURCE -O2   -Wformat-security -Wmissing-format-attribute   conftest.c -ldld   >&5
/usr/bin/ld: cannot find -ldld
collect2: ld returned 1 exit status
configure:26184: $? = 1
configure: failed program was:
| /* confdefs.h.  */
| #define PACKAGE_NAME ""
| #define PACKAGE_TARNAME ""
| #define PACKAGE_VERSION ""
| #define PACKAGE_STRING ""
| #define PACKAGE_BUGREPORT ""
| #define PACKAGE "xpertmud"
| #define VERSION "3.2alpha1"
| #define KDELIBSUFF ""
| #define STDC_HEADERS 1
| #define HAVE_SYS_TYPES_H 1
| #define HAVE_SYS_STAT_H 1
| #define HAVE_STDLIB_H 1
| #define HAVE_STRING_H 1
| #define HAVE_MEMORY_H 1
| #define HAVE_STRINGS_H 1
| #define HAVE_INTTYPES_H 1
| #define HAVE_STDINT_H 1
| #define HAVE_UNISTD_H 1
| #define HAVE_DLFCN_H 1
| #define HAVE_SGI_STL 1
| #define HAVE_CRYPT 1
| #define ksize_t socklen_t
| #define HAVE_SYS_TYPES_H 1
| #define HAVE_STDINT_H 1
| #define HAVE_RES_INIT 1
| #define HAVE_RES_INIT 1
| #define SIZEOF_INT 4
| #define SIZEOF_SHORT 2
| #define SIZEOF_LONG 4
| #define SIZEOF_CHAR_P 4
| /* end confdefs.h.  */
| 
| /* Override any GCC internal prototype to avoid an error.
|    Use char because int might match the return type of a GCC
|    builtin and then its argument prototype would still apply.  */
| #ifdef __cplusplus
| extern "C"
| #endif
| char shl_unload ();
| int
| main ()
| {
| return shl_unload ();
|   ;
|   return 0;
| }
configure:26205: result: no
configure:26224: checking size of size_t
configure:26529: gcc -o conftest -ansi -W -Wall -Wchar-subscripts -Wshadow -Wpointer-arith -Wmissing-prototypes -Wwrite-strings -D_XOPEN_SOURCE=500 -D_BSD_SOURCE -O2   -Wformat-security -Wmissing-format-attribute   conftest.c  >&5
configure:26533: $? = 0
configure:26539: ./conftest
configure:26543: $? = 0
configure:26569: result: 4
configure:26583: checking size of unsigned long
configure:26888: gcc -o conftest -ansi -W -Wall -Wchar-subscripts -Wshadow -Wpointer-arith -Wmissing-prototypes -Wwrite-strings -D_XOPEN_SOURCE=500 -D_BSD_SOURCE -O2   -Wformat-security -Wmissing-format-attribute   conftest.c  >&5
configure:26892: $? = 0
configure:26898: ./conftest
configure:26902: $? = 0
configure:26928: result: 4
configure:26939: checking sizeof size_t == sizeof unsigned long
configure:26966: gcc -c -ansi -W -Wall -Wchar-subscripts -Wshadow -Wpointer-arith -Wmissing-prototypes -Wwrite-strings -D_XOPEN_SOURCE=500 -D_BSD_SOURCE -O2   -Wformat-security -Wmissing-format-attribute  conftest.c >&5
configure:26973: $? = 0
configure:26978: result: yes
configure:27019: checking crt_externs.h usability
configure:27036: gcc -c -ansi -W -Wall -Wchar-subscripts -Wshadow -Wpointer-arith -Wmissing-prototypes -Wwrite-strings -D_XOPEN_SOURCE=500 -D_BSD_SOURCE -O2   -Wformat-security -Wmissing-format-attribute  conftest.c >&5
conftest.c:68:25: fatal error: crt_externs.h: No such file or directory
compilation terminated.
configure:27043: $? = 1
configure: failed program was:
| /* confdefs.h.  */
| #define PACKAGE_NAME ""
| #define PACKAGE_TARNAME ""
| #define PACKAGE_VERSION ""
| #define PACKAGE_STRING ""
| #define PACKAGE_BUGREPORT ""
| #define PACKAGE "xpertmud"
| #define VERSION "3.2alpha1"
| #define KDELIBSUFF ""
| #define STDC_HEADERS 1
| #define HAVE_SYS_TYPES_H 1
| #define HAVE_SYS_STAT_H 1
| #define HAVE_STDLIB_H 1
| #define HAVE_STRING_H 1
| #define HAVE_MEMORY_H 1
| #define HAVE_STRINGS_H 1
| #define HAVE_INTTYPES_H 1
| #define HAVE_STDINT_H 1
| #define HAVE_UNISTD_H 1
| #define HAVE_DLFCN_H 1
| #define HAVE_SGI_STL 1
| #define HAVE_CRYPT 1
| #define ksize_t socklen_t
| #define HAVE_SYS_TYPES_H 1
| #define HAVE_STDINT_H 1
| #define HAVE_RES_INIT 1
| #define HAVE_RES_INIT 1
| #define SIZEOF_INT 4
| #define SIZEOF_SHORT 2
| #define SIZEOF_LONG 4
| #define SIZEOF_CHAR_P 4
| #define SIZEOF_SIZE_T 4
| #define SIZEOF_UNSIGNED_LONG 4
| /* end confdefs.h.  */
| #include <stdio.h>
| #ifdef HAVE_SYS_TYPES_H
| # include <sys/types.h>
| #endif
| #ifdef HAVE_SYS_STAT_H
| # include <sys/stat.h>
| #endif
| #ifdef STDC_HEADERS
| # include <stdlib.h>
| # include <stddef.h>
| #else
| # ifdef HAVE_STDLIB_H
| #  include <stdlib.h>
| # endif
| #endif
| #ifdef HAVE_STRING_H
| # if !defined STDC_HEADERS && defined HAVE_MEMORY_H
| #  include <memory.h>
| # endif
| # include <string.h>
| #endif
| #ifdef HAVE_STRINGS_H
| # include <strings.h>
| #endif
| #ifdef HAVE_INTTYPES_H
| # include <inttypes.h>
| #endif
| #ifdef HAVE_STDINT_H
| # include <stdint.h>
| #endif
| #ifdef HAVE_UNISTD_H
| # include <unistd.h>
| #endif
| #include <crt_externs.h>
configure:27057: result: no
configure:27061: checking crt_externs.h presence
configure:27076: gcc -E  conftest.c
conftest.c:35:25: fatal error: crt_externs.h: No such file or directory
compilation terminated.
configure:27083: $? = 1
configure: failed program was:
| /* confdefs.h.  */
| #define PACKAGE_NAME ""
| #define PACKAGE_TARNAME ""
| #define PACKAGE_VERSION ""
| #define PACKAGE_STRING ""
| #define PACKAGE_BUGREPORT ""
| #define PACKAGE "xpertmud"
| #define VERSION "3.2alpha1"
| #define KDELIBSUFF ""
| #define STDC_HEADERS 1
| #define HAVE_SYS_TYPES_H 1
| #define HAVE_SYS_STAT_H 1
| #define HAVE_STDLIB_H 1
| #define HAVE_STRING_H 1
| #define HAVE_MEMORY_H 1
| #define HAVE_STRINGS_H 1
| #define HAVE_INTTYPES_H 1
| #define HAVE_STDINT_H 1
| #define HAVE_UNISTD_H 1
| #define HAVE_DLFCN_H 1
| #define HAVE_SGI_STL 1
| #define HAVE_CRYPT 1
| #define ksize_t socklen_t
| #define HAVE_SYS_TYPES_H 1
| #define HAVE_STDINT_H 1
| #define HAVE_RES_INIT 1
| #define HAVE_RES_INIT 1
| #define SIZEOF_INT 4
| #define SIZEOF_SHORT 2
| #define SIZEOF_LONG 4
| #define SIZEOF_CHAR_P 4
| #define SIZEOF_SIZE_T 4
| #define SIZEOF_UNSIGNED_LONG 4
| /* end confdefs.h.  */
| #include <crt_externs.h>
configure:27097: result: no
configure:27125: checking for crt_externs.h
configure:27134: result: no
configure:27149: checking for _NSGetEnviron
configure:27205: gcc -o conftest -ansi -W -Wall -Wchar-subscripts -Wshadow -Wpointer-arith -Wmissing-prototypes -Wwrite-strings -D_XOPEN_SOURCE=500 -D_BSD_SOURCE -O2   -Wformat-security -Wmissing-format-attribute   conftest.c  >&5
/tmp/ccK3Bp93.o: In function `main':
conftest.c:(.text.startup+0x7): undefined reference to `_NSGetEnviron'
collect2: ld returned 1 exit status
configure:27212: $? = 1
configure: failed program was:
| /* confdefs.h.  */
| #define PACKAGE_NAME ""
| #define PACKAGE_TARNAME ""
| #define PACKAGE_VERSION ""
| #define PACKAGE_STRING ""
| #define PACKAGE_BUGREPORT ""
| #define PACKAGE "xpertmud"
| #define VERSION "3.2alpha1"
| #define KDELIBSUFF ""
| #define STDC_HEADERS 1
| #define HAVE_SYS_TYPES_H 1
| #define HAVE_SYS_STAT_H 1
| #define HAVE_STDLIB_H 1
| #define HAVE_STRING_H 1
| #define HAVE_MEMORY_H 1
| #define HAVE_STRINGS_H 1
| #define HAVE_INTTYPES_H 1
| #define HAVE_STDINT_H 1
| #define HAVE_UNISTD_H 1
| #define HAVE_DLFCN_H 1
| #define HAVE_SGI_STL 1
| #define HAVE_CRYPT 1
| #define ksize_t socklen_t
| #define HAVE_SYS_TYPES_H 1
| #define HAVE_STDINT_H 1
| #define HAVE_RES_INIT 1
| #define HAVE_RES_INIT 1
| #define SIZEOF_INT 4
| #define SIZEOF_SHORT 2
| #define SIZEOF_LONG 4
| #define SIZEOF_CHAR_P 4
| #define SIZEOF_SIZE_T 4
| #define SIZEOF_UNSIGNED_LONG 4
| /* end confdefs.h.  */
| /* Define _NSGetEnviron to an innocuous variant, in case <limits.h> declares _NSGetEnviron.
|    For example, HP-UX 11i <limits.h> declares gettimeofday.  */
| #define _NSGetEnviron innocuous__NSGetEnviron
| 
| /* System header to define __stub macros and hopefully few prototypes,
|     which can conflict with char _NSGetEnviron (); below.
|     Prefer <limits.h> to <assert.h> if __STDC__ is defined, since
|     <limits.h> exists even on freestanding compilers.  */
| 
| #ifdef __STDC__
| # include <limits.h>
| #else
| # include <assert.h>
| #endif
| 
| #undef _NSGetEnviron
| 
| /* Override any GCC internal prototype to avoid an error.
|    Use char because int might match the return type of a GCC
|    builtin and then its argument prototype would still apply.  */
| #ifdef __cplusplus
| extern "C"
| #endif
| char _NSGetEnviron ();
| /* The GNU C library defines this for functions which it implements
|     to always fail with ENOSYS.  Some functions are actually named
|     something starting with __ and the normal name is an alias.  */
| #if defined __stub__NSGetEnviron || defined __stub____NSGetEnviron
| choke me
| #endif
| 
| int
| main ()
| {
| return _NSGetEnviron ();
|   ;
|   return 0;
| }
configure:27232: result: no
configure:27254: checking for vsnprintf
configure:27310: gcc -o conftest -ansi -W -Wall -Wchar-subscripts -Wshadow -Wpointer-arith -Wmissing-prototypes -Wwrite-strings -D_XOPEN_SOURCE=500 -D_BSD_SOURCE -O2   -Wformat-security -Wmissing-format-attribute   conftest.c  >&5
configure:27317: $? = 0
configure:27339: result: yes
configure:27254: checking for snprintf
configure:27310: gcc -o conftest -ansi -W -Wall -Wchar-subscripts -Wshadow -Wpointer-arith -Wmissing-prototypes -Wwrite-strings -D_XOPEN_SOURCE=500 -D_BSD_SOURCE -O2   -Wformat-security -Wmissing-format-attribute   conftest.c  >&5
configure:27317: $? = 0
configure:27339: result: yes
configure:27388: checking for X
configure:27431: gcc -E  conftest.c
configure:27438: $? = 0
configure:27528: gcc -o conftest -ansi -W -Wall -Wchar-subscripts -Wshadow -Wpointer-arith -Wmissing-prototypes -Wwrite-strings -D_XOPEN_SOURCE=500 -D_BSD_SOURCE -O2   -Wformat-security -Wmissing-format-attribute   conftest.c -lXt  >&5
conftest.c: In function 'main':
conftest.c:41:1: warning: implicit declaration of function 'XtMalloc' [-Wimplicit-function-declaration]
configure:27535: $? = 0
configure:27694: result: libraries /usr/lib, headers .
configure:27723: checking for IceConnectionNumber in -lICE
configure:27758: gcc -o conftest -ansi -W -Wall -Wchar-subscripts -Wshadow -Wpointer-arith -Wmissing-prototypes -Wwrite-strings -D_XOPEN_SOURCE=500 -D_BSD_SOURCE -O2   -Wformat-security -Wmissing-format-attribute   -L/usr/lib conftest.c -lICE   >&5
configure:27765: $? = 0
configure:27786: result: yes
configure:27796: checking for libXext
configure:27836: gcc -o conftest -ansi -W -Wall -Wchar-subscripts -Wshadow -Wpointer-arith -Wmissing-prototypes -Wwrite-strings -D_XOPEN_SOURCE=500 -D_BSD_SOURCE -O2   -Wformat-security -Wmissing-format-attribute   -L/usr/lib  conftest.c -lXext -lX11  >&5
configure:27843: $? = 0
configure:27870: result: yes
configure:28020: checking for pthread_create in -lpthread
configure:28055: gcc -o conftest -ansi -W -Wall -Wchar-subscripts -Wshadow -Wpointer-arith -Wmissing-prototypes -Wwrite-strings -D_XOPEN_SOURCE=500 -D_BSD_SOURCE -O2   -Wformat-security -Wmissing-format-attribute   conftest.c -lpthread   >&5
configure:28062: $? = 0
configure:28083: result: yes
configure:28302: checking for extra includes
configure:28330: result: no
configure:28334: checking for extra libs
configure:28363: result: no
configure:28369: checking for libz
configure:28409: gcc -o conftest -ansi -W -Wall -Wchar-subscripts -Wshadow -Wpointer-arith -Wmissing-prototypes -Wwrite-strings -D_XOPEN_SOURCE=500 -D_BSD_SOURCE -O2   -Wformat-security -Wmissing-format-attribute -I.   -D_REENTRANT  conftest.c -L/usr/lib  -lz  >&5
conftest.c: In function 'main':
conftest.c:49:25: warning: comparison with string literal results in unspecified behavior [-Waddress]
configure:28416: $? = 0
configure:28446: result: -lz
configure:28467: checking for libpng
configure:28509: gcc -o conftest -ansi -W -Wall -Wchar-subscripts -Wshadow -Wpointer-arith -Wmissing-prototypes -Wwrite-strings -D_XOPEN_SOURCE=500 -D_BSD_SOURCE -O2   -Wformat-security -Wmissing-format-attribute -I.   -D_REENTRANT  conftest.c  -L/usr/lib  -lpng -lz -lm -lX11  >&5
configure:28516: $? = 0
configure:28548: result: -lpng -lz -lm
configure:28559: checking for libjpeg6b
configure:28604: gcc -o conftest -ansi -W -Wall -Wchar-subscripts -Wshadow -Wpointer-arith -Wmissing-prototypes -Wwrite-strings -D_XOPEN_SOURCE=500 -D_BSD_SOURCE -O2   -Wformat-security -Wmissing-format-attribute -I.   -D_REENTRANT  conftest.c -L/usr/lib  -ljpeg6b -lm >&5
/usr/bin/ld: cannot find -ljpeg6b
collect2: ld returned 1 exit status
configure:28611: $? = 1
configure: failed program was:
| /* confdefs.h.  */
| #define PACKAGE_NAME ""
| #define PACKAGE_TARNAME ""
| #define PACKAGE_VERSION ""
| #define PACKAGE_STRING ""
| #define PACKAGE_BUGREPORT ""
| #define PACKAGE "xpertmud"
| #define VERSION "3.2alpha1"
| #define KDELIBSUFF ""
| #define STDC_HEADERS 1
| #define HAVE_SYS_TYPES_H 1
| #define HAVE_SYS_STAT_H 1
| #define HAVE_STDLIB_H 1
| #define HAVE_STRING_H 1
| #define HAVE_MEMORY_H 1
| #define HAVE_STRINGS_H 1
| #define HAVE_INTTYPES_H 1
| #define HAVE_STDINT_H 1
| #define HAVE_UNISTD_H 1
| #define HAVE_DLFCN_H 1
| #define HAVE_SGI_STL 1
| #define HAVE_CRYPT 1
| #define ksize_t socklen_t
| #define HAVE_SYS_TYPES_H 1
| #define HAVE_STDINT_H 1
| #define HAVE_RES_INIT 1
| #define HAVE_RES_INIT 1
| #define SIZEOF_INT 4
| #define SIZEOF_SHORT 2
| #define SIZEOF_LONG 4
| #define SIZEOF_CHAR_P 4
| #define SIZEOF_SIZE_T 4
| #define SIZEOF_UNSIGNED_LONG 4
| #define HAVE_VSNPRINTF 1
| #define HAVE_SNPRINTF 1
| #define HAVE_LIBZ 1
| #define HAVE_LIBPNG 1
| /* end confdefs.h.  */
| /* Override any gcc2 internal prototype to avoid an error.  */
| struct jpeg_decompress_struct;
| typedef struct jpeg_decompress_struct * j_decompress_ptr;
| typedef int size_t;
| #ifdef __cplusplus
| extern "C" {
| #endif
|     void jpeg_CreateDecompress(j_decompress_ptr cinfo,
|                                     int version, size_t structsize);
| #ifdef __cplusplus
| }
| #endif
| /* We use char because int might match the return type of a gcc2
|     builtin and then its argument prototype would still apply.  */
| 
| int
| main ()
| {
| jpeg_CreateDecompress(0L, 0, 0);
|   ;
|   return 0;
| }
configure:28641: result: no
configure:28644: checking for libjpeg
configure:28689: gcc -o conftest -ansi -W -Wall -Wchar-subscripts -Wshadow -Wpointer-arith -Wmissing-prototypes -Wwrite-strings -D_XOPEN_SOURCE=500 -D_BSD_SOURCE -O2   -Wformat-security -Wmissing-format-attribute -I.   -D_REENTRANT  conftest.c -L/usr/lib  -ljpeg -lm >&5
configure:28696: $? = 0
configure:28723: result: -ljpeg
configure: 28747: ${prefix}/include/jpeglib.h
configure: 28747: /usr/include/jpeglib.h
taking that
configure:28794: checking for perl
configure:28851: result: /usr/bin/perl
configure:28987: checking for Qt
configure: 29052: /usr/lib/qt-3.3/include/qstyle.h
taking that
configure:29169: rm -rf SunWS_cache; g++ -o conftest -Wnon-virtual-dtor -Wno-long-long -Wundef -Wall -W -Wpointer-arith -Wwrite-strings -ansi -D_XOPEN_SOURCE=500 -D_BSD_SOURCE -Wcast-align -Wconversion -Wchar-subscripts -O2 -Wformat-security -Wmissing-format-attribute -fno-exceptions -fno-check-new -fno-common -I/usr/lib/qt-3.3/include -I.  -DQT_THREAD_SUPPORT  -D_REENTRANT  -L/usr/lib/qt-3.3/lib -L/usr/lib   conftest.cpp  -lqt-mt -lpng -lz -lm -ljpeg -ldl  -lXext -lX11 -lSM -lICE  -lpthread 1>&5
In file included from /usr/lib/qt-3.3/include/qwindowdefs.h:47:0,
                 from /usr/lib/qt-3.3/include/qwidget.h:45,
                 from /usr/lib/qt-3.3/include/qdesktopwidget.h:43,
                 from /usr/lib/qt-3.3/include/qapplication.h:45,
                 from conftest.cpp:3:
/usr/lib/qt-3.3/include/qstring.h: In member function 'char QChar::latin1() const':
/usr/lib/qt-3.3/include/qstring.h:197:58: warning: conversion to 'char' from 'int' may alter its value [-Wconversion]
/usr/lib/qt-3.3/include/qstring.h: In member function 'void QChar::setCell(uchar)':
/usr/lib/qt-3.3/include/qstring.h:222:57: warning: conversion to 'ushort {aka short unsigned int}' from 'int' may alter its value [-Wconversion]
/usr/lib/qt-3.3/include/qstring.h: In member function 'void QChar::setRow(uchar)':
/usr/lib/qt-3.3/include/qstring.h:223:69: warning: conversion to 'ushort {aka short unsigned int}' from 'int' may alter its value [-Wconversion]
/usr/lib/qt-3.3/include/qstring.h: In constructor 'QChar::QChar(uchar, uchar)':
/usr/lib/qt-3.3/include/qstring.h:267:61: warning: conversion to 'ushort {aka short unsigned int}' from 'int' may alter its value [-Wconversion]
/usr/lib/qt-3.3/include/qstring.h: In constructor 'QStringData::QStringData(QChar*, uint, uint)':
/usr/lib/qt-3.3/include/qstring.h:365:94: warning: conversion to 'unsigned int:30' from 'uint {aka unsigned int}' may alter its value [-Wconversion]
/usr/lib/qt-3.3/include/qstring.h:365:94: warning: conversion to 'unsigned int:30' from 'uint {aka unsigned int}' may alter its value [-Wconversion]
In file included from /usr/lib/qt-3.3/include/qobject.h:48:0,
                 from /usr/lib/qt-3.3/include/qwidget.h:46,
                 from /usr/lib/qt-3.3/include/qdesktopwidget.h:43,
                 from /usr/lib/qt-3.3/include/qapplication.h:45,
                 from conftest.cpp:3:
/usr/lib/qt-3.3/include/qevent.h: In constructor 'QContextMenuEvent::QContextMenuEvent(QContextMenuEvent::Reason, const QPoint&, const QPoint&, int)':
/usr/lib/qt-3.3/include/qevent.h:432:33: warning: conversion to 'unsigned char' from 'uint {aka unsigned int}' may alter its value [-Wconversion]
/usr/lib/qt-3.3/include/qevent.h: In member function 'void QDropEvent::setAction(QDropEvent::Action)':
/usr/lib/qt-3.3/include/qevent.h:523:46: warning: conversion to 'unsigned char' from 'uint {aka unsigned int}' may alter its value [-Wconversion]
configure:29172: $? = 0
configure:29231: result: libraries /usr/lib/qt-3.3/lib, headers /usr/lib/qt-3.3/include using -mt
configure:29412: checking for moc
configure:29481: result: /usr/lib/qt-3.3/bin/moc
configure:29489: checking for uic
configure:29540: result: /usr/lib/qt-3.3/bin/uic
configure:29571: checking whether uic supports -L 
configure:29582: /usr/lib/qt-3.3/bin/uic -L /nonexistent conftest.ui >/dev/null
configure:29585: $? = 0
configure:29597: result: yes
configure:29609: checking whether uic supports -nounload 
configure:29620: /usr/lib/qt-3.3/bin/uic -nounload  conftest.ui >/dev/null
configure:29623: $? = 0
configure:29635: result: yes
configure:29672: checking if Qt needs -ljpeg
configure:29717: rm -rf SunWS_cache; g++ -o conftest -Wnon-virtual-dtor -Wno-long-long -Wundef -Wall -W -Wpointer-arith -Wwrite-strings -ansi -D_XOPEN_SOURCE=500 -D_BSD_SOURCE -Wcast-align -Wconversion -Wchar-subscripts -O2 -Wformat-security -Wmissing-format-attribute -fno-exceptions -fno-check-new -fno-common -I/usr/lib/qt-3.3/include -I.   -DQT_THREAD_SUPPORT  -D_REENTRANT  conftest.cpp -L/usr/lib -L/usr/lib/qt-3.3/lib -lqt-mt -lpng -lz -lm  -ldl -lXext -lX11 -lSM -lICE 1>&5
In file included from /usr/lib/qt-3.3/include/qwindowdefs.h:47:0,
                 from /usr/lib/qt-3.3/include/qwidget.h:45,
                 from /usr/lib/qt-3.3/include/qdesktopwidget.h:43,
                 from /usr/lib/qt-3.3/include/qapplication.h:45,
                 from conftest.cpp:41:
/usr/lib/qt-3.3/include/qstring.h: In member function 'char QChar::latin1() const':
/usr/lib/qt-3.3/include/qstring.h:197:58: warning: conversion to 'char' from 'int' may alter its value [-Wconversion]
/usr/lib/qt-3.3/include/qstring.h: In member function 'void QChar::setCell(uchar)':
/usr/lib/qt-3.3/include/qstring.h:222:57: warning: conversion to 'ushort {aka short unsigned int}' from 'int' may alter its value [-Wconversion]
/usr/lib/qt-3.3/include/qstring.h: In member function 'void QChar::setRow(uchar)':
/usr/lib/qt-3.3/include/qstring.h:223:69: warning: conversion to 'ushort {aka short unsigned int}' from 'int' may alter its value [-Wconversion]
/usr/lib/qt-3.3/include/qstring.h: In constructor 'QChar::QChar(uchar, uchar)':
/usr/lib/qt-3.3/include/qstring.h:267:61: warning: conversion to 'ushort {aka short unsigned int}' from 'int' may alter its value [-Wconversion]
/usr/lib/qt-3.3/include/qstring.h: In constructor 'QStringData::QStringData(QChar*, uint, uint)':
/usr/lib/qt-3.3/include/qstring.h:365:94: warning: conversion to 'unsigned int:30' from 'uint {aka unsigned int}' may alter its value [-Wconversion]
/usr/lib/qt-3.3/include/qstring.h:365:94: warning: conversion to 'unsigned int:30' from 'uint {aka unsigned int}' may alter its value [-Wconversion]
In file included from /usr/lib/qt-3.3/include/qobject.h:48:0,
                 from /usr/lib/qt-3.3/include/qwidget.h:46,
                 from /usr/lib/qt-3.3/include/qdesktopwidget.h:43,
                 from /usr/lib/qt-3.3/include/qapplication.h:45,
                 from conftest.cpp:41:
/usr/lib/qt-3.3/include/qevent.h: In constructor 'QContextMenuEvent::QContextMenuEvent(QContextMenuEvent::Reason, const QPoint&, const QPoint&, int)':
/usr/lib/qt-3.3/include/qevent.h:432:33: warning: conversion to 'unsigned char' from 'uint {aka unsigned int}' may alter its value [-Wconversion]
/usr/lib/qt-3.3/include/qevent.h: In member function 'void QDropEvent::setAction(QDropEvent::Action)':
/usr/lib/qt-3.3/include/qevent.h:523:46: warning: conversion to 'unsigned char' from 'uint {aka unsigned int}' may alter its value [-Wconversion]
conftest.cpp: In function 'int main()':
conftest.cpp:48:40: warning: 'argv' is used uninitialized in this function [-Wuninitialized]
configure:29724: $? = 0
configure:29761: result: no
configure:29793: checking for rpath
configure:29821: result: yes
configure:29824: checking for KDE
configure: 29877: /usr/local/kde/include/ksharedptr.h
configure: 29877: /usr/lib/kde/include/ksharedptr.h
configure: 29877: /usr/local/kde/include/ksharedptr.h
configure: 29877: /usr/local/include/ksharedptr.h
configure: 29877: /usr/kde/include/ksharedptr.h
configure: 29877: /usr/include/kde/ksharedptr.h
taking that
configure: 29907: /usr/local/kde/lib/libkio.la
configure: 29907: ${exec_prefix}/lib/libkio.la
configure: 29907: /usr/lib/kde/lib/libkio.la
configure: 29907: /usr/local/kde/lib/libkio.la
configure: 29907: /usr/kde/lib/libkio.la
configure: 29907: /usr/lib/kde/libkio.la
configure: 29907: /usr/lib/kde3/libkio.la
configure: 29907: /usr/lib/libkio.la
taking that
configure: 29925: /usr/local/kde/lib/kde3/plugins/designer/kdewidgets.la
configure: 29925: ${exec_prefix}/lib/kde3/plugins/designer/kdewidgets.la
configure: 29925: /usr/lib/kde/lib/kde3/plugins/designer/kdewidgets.la
configure: 29925: /usr/local/kde/lib/kde3/plugins/designer/kdewidgets.la
configure: 29925: /usr/kde/lib/kde3/plugins/designer/kdewidgets.la
configure: 29925: /usr/lib/kde/kde3/plugins/designer/kdewidgets.la
configure: 29925: /usr/lib/kde3/kde3/plugins/designer/kdewidgets.la
configure: 29925: /usr/lib/kde3/plugins/designer/kdewidgets.la
taking that
configure:29998: result: libraries /usr/lib, headers /usr/include/kde
configure:30037: checking if UIC has KDE plugins available
configure:30064: /usr/lib/qt-3.3/bin/uic -L /usr/lib/kde3/plugins/designer -nounload -impl actest.h actest.ui > actest.cpp
configure:30067: $? = 0
configure:30081: result: yes
configure:30120: checking for KDE paths
configure:30735: result: defaults
configure:30774: checking for dcopidl
configure:30833: result: /usr/bin/dcopidl
configure:30840: checking for dcopidl2cpp
configure:30899: result: /usr/bin/dcopidl2cpp
configure:30907: checking for mcopidl
configure:30968: result: /usr/bin/mcopidl
configure:30975: checking for artsc-config
configure:31036: result: /usr/bin/artsc-config
configure:31044: checking for kde-config
configure:31095: result: /usr/bin/kde-config
configure:31102: checking for meinproc
configure:31153: result: /usr/bin/meinproc
configure:31304: checking for xmllint
configure:31355: result: /usr/bin/xmllint
configure: 31371: /usr/share/kde/apps/ksgmltools2/customization/kde-chunk.xsl
configure: 31371: /usr/local/share/apps/ksgmltools2/customization/kde-chunk.xsl
configure: 31371: /usr/share/apps/ksgmltools2/customization/kde-chunk.xsl
taking that
configure:31561: checking for perl5
configure:31594: result: no
configure:31561: checking for perl
configure:31579: found /usr/bin/perl
configure:31591: result: /usr/bin/perl
configure:31710: checking for perl version
configure:31720: result: 5.012004
configure:31848: checking for python
configure:31850: result: disabled
configure:32076: checking for ruby
configure:32078: result: disabled
configure:32210: checking if doc should be compiled
configure:32222: result: yes
configure:32210: checking if po should be compiled
configure:32222: result: yes
configure:32210: checking if qextmdi should be compiled
configure:32222: result: yes
configure:32210: checking if xpertmud should be compiled
configure:32222: result: yes
configure:32426: creating ./config.status

## ---------------------- ##
## Running config.status. ##
## ---------------------- ##

This file was extended by config.status, which was
generated by GNU Autoconf 2.63.  Invocation command line was

  CONFIG_FILES    = 
  CONFIG_HEADERS  = 
  CONFIG_LINKS    = 
  CONFIG_COMMANDS = 
  $ ./config.status 

on rawr-laptop

config.status:969: creating Makefile
config.status:969: creating doc/Makefile
config.status:969: creating doc/en/Makefile
config.status:969: creating po/Makefile
config.status:969: creating qextmdi/Makefile
config.status:969: creating qextmdi/src/Makefile
config.status:969: creating xpertmud/Makefile
config.status:969: creating xpertmud/kfile-plugin/Makefile
config.status:969: creating xpertmud/muds/Makefile
config.status:969: creating xpertmud/plugins/Makefile
config.status:969: creating xpertmud/plugins/battletech/Makefile
config.status:969: creating xpertmud/plugins/battletech/artwork/Makefile
config.status:969: creating xpertmud/plugins/battletech/xperthud/Makefile
config.status:969: creating xpertmud/plugins/example/Makefile
config.status:969: creating xpertmud/plugins/html/Makefile
config.status:969: creating xpertmud/scripting/Makefile
config.status:969: creating xpertmud/scripting/help/Makefile
config.status:969: creating xpertmud/scripting/perl/Makefile
config.status:969: creating xpertmud/scripting/python/Makefile
config.status:969: creating xpertmud/scripting/ruby/Makefile
config.status:969: creating config.h
config.status:1185: config.h is unchanged
config.status:1236: executing depfiles commands

## ---------------- ##
## Cache variables. ##
## ---------------- ##

ac_cv_build=i686-pc-linux-gnu
ac_cv_c_compiler_gnu=yes
ac_cv_cxx_compiler_gnu=yes
ac_cv_env_CCC_set=
ac_cv_env_CCC_value=
ac_cv_env_CC_set=
ac_cv_env_CC_value=
ac_cv_env_CFLAGS_set=
ac_cv_env_CFLAGS_value=
ac_cv_env_CPPFLAGS_set=
ac_cv_env_CPPFLAGS_value=
ac_cv_env_CPP_set=
ac_cv_env_CPP_value=
ac_cv_env_CXXCPP_set=
ac_cv_env_CXXCPP_value=
ac_cv_env_CXXFLAGS_set=
ac_cv_env_CXXFLAGS_value=
ac_cv_env_CXX_set=
ac_cv_env_CXX_value=
ac_cv_env_F77_set=
ac_cv_env_F77_value=
ac_cv_env_FFLAGS_set=
ac_cv_env_FFLAGS_value=
ac_cv_env_LDFLAGS_set=
ac_cv_env_LDFLAGS_value=
ac_cv_env_LIBS_set=
ac_cv_env_LIBS_value=
ac_cv_env_XMKMF_set=
ac_cv_env_XMKMF_value=
ac_cv_env_build_alias_set=
ac_cv_env_build_alias_value=
ac_cv_env_host_alias_set=
ac_cv_env_host_alias_value=
ac_cv_env_target_alias_set=
ac_cv_env_target_alias_value=
ac_cv_f77_compiler_gnu=no
ac_cv_func__NSGetEnviron=no
ac_cv_func_connect=yes
ac_cv_func_dlopen=no
ac_cv_func_inet_ntoa=yes
ac_cv_func_remove=yes
ac_cv_func_shl_load=no
ac_cv_func_shmat=yes
ac_cv_func_snprintf=yes
ac_cv_func_vsnprintf=yes
ac_cv_have_dlfcn=yes
ac_cv_have_kde='have_kde=yes     ac_kde_includes=/usr/include/kde ac_kde_libraries=/usr/lib'
ac_cv_have_qt='have_qt=yes     ac_qt_includes=/usr/lib/qt-3.3/include ac_qt_libraries=/usr/lib/qt-3.3/lib'
ac_cv_header_CoreAudio_CoreAudio_h=no
ac_cv_header_crt_externs_h=no
ac_cv_header_dlfcn_h=yes
ac_cv_header_inttypes_h=yes
ac_cv_header_memory_h=yes
ac_cv_header_stdc=yes
ac_cv_header_stdint_h=yes
ac_cv_header_stdlib_h=yes
ac_cv_header_string_h=yes
ac_cv_header_strings_h=yes
ac_cv_header_sys_stat_h=yes
ac_cv_header_sys_types_h=yes
ac_cv_header_unistd_h=yes
ac_cv_host=i686-pc-linux-gnu
ac_cv_lib_ICE_IceConnectionNumber=yes
ac_cv_lib_compat_main=no
ac_cv_lib_crypt_crypt=yes
ac_cv_lib_dl_dlopen=yes
ac_cv_lib_dld_shl_load=no
ac_cv_lib_dld_shl_unload=no
ac_cv_lib_dnet_dnet_ntoa=no
ac_cv_lib_dnet_stub_dnet_ntoa=no
ac_cv_lib_jpeg_6b=no
ac_cv_lib_jpeg_normal=-ljpeg
ac_cv_lib_png='-lpng -lz -lm'
ac_cv_lib_poll_poll=no
ac_cv_lib_pthread_pthread_create=yes
ac_cv_lib_ucb_killpg=no
ac_cv_lib_util_main=yes
ac_cv_lib_z=-lz
ac_cv_objext=o
ac_cv_path_EGREP='/bin/grep -E'
ac_cv_path_GMSGFMT=/usr/bin/msgfmt
ac_cv_path_GREP=/bin/grep
ac_cv_path_MSGFMT=/usr/bin/msgfmt
ac_cv_path_PERL=/usr/bin/perl
ac_cv_path_XGETTEXT=/usr/bin/xgettext
ac_cv_path_install='/usr/bin/install -c'
ac_cv_prog_AWK=gawk
ac_cv_prog_CPP='gcc -E'
ac_cv_prog_CXXCPP='g++ -E'
ac_cv_prog_ac_ct_AR=ar
ac_cv_prog_ac_ct_CC=gcc
ac_cv_prog_ac_ct_CXX=g++
ac_cv_prog_ac_ct_RANLIB=ranlib
ac_cv_prog_ac_ct_STRIP=strip
ac_cv_prog_cc_c89=
ac_cv_prog_cc_g=yes
ac_cv_prog_cxx_g=yes
ac_cv_prog_f77_g=no
ac_cv_prog_make_make_set=yes
ac_cv_sizeof_char_p=4
ac_cv_sizeof_int=4
ac_cv_sizeof_long=4
ac_cv_sizeof_short=2
ac_cv_sizeof_size_t=4
ac_cv_sizeof_unsigned_long=4
ac_cv_socklen_t=socklen_t
ac_cv_target=i686-pc-linux-gnu
am_cv_CC_dependencies_compiler_type=gcc3
am_cv_CXX_dependencies_compiler_type=gcc3
kde_cv_all_paths='kde_have_all_paths="yes" 	kde_htmldir="\${datadir}/doc/HTML" 	kde_appsdir="\${datadir}/applnk" 	kde_icondir="\${datadir}/icons" 	kde_sounddir="\${datadir}/sounds" 	kde_datadir="\${datadir}/apps" 	kde_locale="\${datadir}/locale" 	kde_cgidir="\${exec_prefix}/cgi-bin" 	kde_confdir="\${datadir}/config" 	kde_kcfgdir="\${datadir}/config.kcfg" 	kde_mimedir="\${datadir}/mimelnk" 	kde_toolbardir="\${datadir}/toolbar" 	kde_wallpaperdir="\${datadir}/wallpapers" 	kde_templatesdir="\${datadir}/templates" 	kde_bindir="\${exec_prefix}/bin" 	kde_servicesdir="\${datadir}/services" 	kde_servicetypesdir="\${datadir}/servicetypes" 	kde_moduledir="\${libdir}/kde3" 	kde_styledir="\${libdir}/kde3/plugins/styles" 	kde_widgetdir="/usr/lib/kde3/plugins/designer" 	xdg_appsdir="\${datadir}/applications/kde" 	xdg_menudir="\${sysconfdir}/xdg/menus" 	xdg_directorydir="\${datadir}/desktop-directories" 	kde_result=defaults'
kde_cv_func_strlcat=no
kde_cv_func_strlcpy=no
kde_cv_have_libXext=yes
kde_cv_have_x='have_x=yes          kde_x_includes=. kde_x_libraries=/usr/lib'
kde_cv_path=/usr/bin/xmllint
kde_cv_path_artsc_config=/usr/bin/artsc-config
kde_cv_path_dcopidl2cpp=/usr/bin/dcopidl2cpp
kde_cv_path_dcopidl=/usr/bin/dcopidl
kde_cv_path_kde_config=/usr/bin/kde-config
kde_cv_path_mcopidl=/usr/bin/mcopidl
kde_cv_path_meinproc=/usr/bin/meinproc
kde_cv_path_moc=/usr/lib/qt-3.3/bin/moc
kde_cv_path_perl=/usr/bin/perl
kde_cv_path_uic=/usr/lib/qt-3.3/bin/uic
kde_cv_path_xmllint=/usr/bin/xmllint
kde_cv_prog_cxx_O0=yes
kde_cv_prog_cxx_Wl___allow_shlib_undefined=yes
kde_cv_prog_cxx_Wl___no_undefined=yes
kde_cv_prog_cxx_Wmissing_format_attribute=yes
kde_cv_prog_cxx_Wno_long_long=yes
kde_cv_prog_cxx_Wnon_virtual_dtor=yes
kde_cv_prog_cxx_Wundef=yes
kde_cv_prog_cxx_fexceptions=yes
kde_cv_prog_cxx_fno_check_new=yes
kde_cv_prog_cxx_fno_common=yes
kde_cv_prog_cxx_fno_exceptions=yes
kde_cv_prog_uic_L=yes
kde_cv_prog_uic_nounload=yes
kde_cv_proto_strlcat='yes - in libkdefakes'
kde_cv_proto_strlcpy='yes - in libkdefakes'
kde_cv_qt_jpeg=no
kde_cv_stl_works=yes
kde_cv_uic_plugins=yes
lt_cv_deplibs_check_method=pass_all
lt_cv_dlopen=dlopen
lt_cv_dlopen_libs=-ldl
lt_cv_dlopen_self=yes
lt_cv_dlopen_self_static=yes
lt_cv_file_magic_cmd='$MAGIC_CMD'
lt_cv_file_magic_test_file='/lib/libc.so.6 /lib/libc-2.14.so'
lt_cv_ld_reload_flag=-r
lt_cv_objdir=.libs
lt_cv_path_LD=/usr/bin/ld
lt_cv_path_LDCXX=/usr/bin/ld
lt_cv_path_NM='/usr/bin/nm -B'
lt_cv_path_SED=/bin/sed
lt_cv_prog_compiler_c_o=yes
lt_cv_prog_compiler_c_o_CXX=yes
lt_cv_prog_compiler_rtti_exceptions=no
lt_cv_prog_gnu_ld=yes
lt_cv_prog_gnu_ldcxx=yes
lt_cv_sys_global_symbol_pipe='sed -n -e '\''s/^.*[ 	]\([ABCDGISTW][ABCDGISTW]*\)[ 	][ 	]*\(\)\([_A-Za-z][_A-Za-z0-9]*\)$/\1 \2\3 \3/p'\'''
lt_cv_sys_global_symbol_to_c_name_address='sed -n -e '\''s/^: \([^ ]*\) $/  {\"\1\", (lt_ptr) 0},/p'\'' -e '\''s/^[BCDEGRST] \([^ ]*\) \([^ ]*\)$/  {"\2", (lt_ptr) \&\2},/p'\'''
lt_cv_sys_global_symbol_to_cdecl='sed -n -e '\''s/^. .* \(.*\)$/extern int \1;/p'\'''
lt_cv_sys_max_cmd_len=32768
lt_lt_cv_prog_compiler_c_o='"yes"'
lt_lt_cv_prog_compiler_c_o_CXX='"yes"'
lt_lt_cv_sys_global_symbol_pipe='"sed -n -e '\''s/^.*[ 	]\\([ABCDGISTW][ABCDGISTW]*\\)[ 	][ 	]*\\(\\)\\([_A-Za-z][_A-Za-z0-9]*\\)\$/\\1 \\2\\3 \\3/p'\''"'
lt_lt_cv_sys_global_symbol_to_c_name_address='"sed -n -e '\''s/^: \\([^ ]*\\) \$/  {\\\"\\1\\\", (lt_ptr) 0},/p'\'' -e '\''s/^[BCDEGRST] \\([^ ]*\\) \\([^ ]*\\)\$/  {\"\\2\", (lt_ptr) \\&\\2},/p'\''"'
lt_lt_cv_sys_global_symbol_to_cdecl='"sed -n -e '\''s/^. .* \\(.*\\)\$/extern int \\1;/p'\''"'

## ----------------- ##
## Output variables. ##
## ----------------- ##

ACLOCAL='${SHELL} /home/carter/xpertmud/admin/missing --run aclocal-1.7'
AMDEPBACKSLASH='\'
AMDEP_FALSE='#'
AMDEP_TRUE=''
AMTAR='${SHELL} /home/carter/xpertmud/admin/missing --run tar'
AR='ar'
ARTSCCONFIG='/usr/bin/artsc-config'
AUTOCONF='$(SHELL) $(top_srcdir)/admin/cvs.sh configure || touch configure'
AUTODIRS=''
AUTOHEADER='${SHELL} /home/carter/xpertmud/admin/missing --run autoheader'
AUTOMAKE='${SHELL} /home/carter/xpertmud/admin/missing --run automake-1.7'
AWK='gawk'
CC='gcc'
CCDEPMODE='depmode=gcc3'
CFLAGS='-ansi -W -Wall -Wchar-subscripts -Wshadow -Wpointer-arith -Wmissing-prototypes -Wwrite-strings -D_XOPEN_SOURCE=500 -D_BSD_SOURCE -O2   -Wformat-security -Wmissing-format-attribute'
CONF_FILES=' $(top_srcdir)/./admin/configure.in.min $(top_srcdir)/configure.in.in'
CPP='gcc -E'
CPPFLAGS=' -DQT_THREAD_SUPPORT  -D_REENTRANT'
CXX='g++'
CXXCPP='g++ -E'
CXXDEPMODE='depmode=gcc3'
CXXFLAGS='-Wnon-virtual-dtor -Wno-long-long -Wundef -Wall -W -Wpointer-arith -Wwrite-strings -ansi -D_XOPEN_SOURCE=500 -D_BSD_SOURCE -Wcast-align -Wconversion -Wchar-subscripts -O2 -Wformat-security -Wmissing-format-attribute -fno-exceptions -fno-check-new -fno-common -Wall -pedantic -Wno-long-long -g -DKDE_NO_COMPAT -DQT_NO_COMPAT'
CYGPATH_W='echo'
DCOPIDL2CPP='/usr/bin/dcopidl2cpp'
DCOPIDL='/usr/bin/dcopidl'
DCOPIDLNG=''
DCOP_DEPENDENCIES='$(DCOPIDL)'
DEFS='-DHAVE_CONFIG_H'
DEPDIR='.deps'
ECHO='echo'
ECHO_C=''
ECHO_N='-n'
ECHO_T=''
EGREP='/bin/grep -E'
EXEEXT=''
F77=''
FFLAGS=''
FRAMEWORK_COREAUDIO=''
GMSGFMT='/usr/bin/msgfmt'
GREP='/bin/grep'
INSTALL_DATA='${INSTALL} -m 644'
INSTALL_PROGRAM='${INSTALL} $(INSTALL_STRIP_FLAG)'
INSTALL_SCRIPT='${INSTALL}'
INSTALL_STRIP_PROGRAM='${SHELL} $(install_sh) -c -s'
KCFG_DEPENDENCIES=''
KCONFIG_COMPILER=''
KDECONFIG='/usr/bin/kde-config'
KDE_EXTRA_RPATH=''
KDE_INCLUDES='-I/usr/include/kde'
KDE_LDFLAGS='-L/usr/lib'
KDE_MT_LDFLAGS=''
KDE_MT_LIBS='-lpthread'
KDE_NO_UNDEFINED='-Wl,--no-undefined -Wl,--allow-shlib-undefined'
KDE_PLUGIN='-avoid-version -module -no-undefined $(KDE_NO_UNDEFINED) $(KDE_RPATH) $(KDE_MT_LDFLAGS)'
KDE_RPATH='-R $(kde_libraries) -R $(qt_libraries) -R $(x_libraries)'
KDE_USE_CLOSURE_FALSE=''
KDE_USE_CLOSURE_TRUE='#'
KDE_USE_FINAL_FALSE=''
KDE_USE_FINAL_TRUE='#'
KDE_USE_NMCHECK_FALSE=''
KDE_USE_NMCHECK_TRUE='#'
KDE_XSL_STYLESHEET='/usr/share/apps/ksgmltools2/customization/kde-chunk.xsl'
LDFLAGS=''
LIBCOMPAT=''
LIBCRYPT='-lcrypt'
LIBDL='-ldl'
LIBJPEG='-ljpeg'
LIBOBJS=''
LIBPNG='-lpng -lz -lm'
LIBPTHREAD='-lpthread'
LIBRESOLV='-lresolv'
LIBS=''
LIBSM='-lSM -lICE'
LIBSOCKET=''
LIBTOOL='$(SHELL) $(top_builddir)/libtool --silent'
LIBUCB=''
LIBUTIL='-lutil'
LIBZ='-lz'
LIB_KAB='-lkab'
LIB_KABC='-lkabc'
LIB_KDECORE='-lkdecore'
LIB_KDEPIM='-lkdepim'
LIB_KDEPRINT='-lkdeprint'
LIB_KDEUI='-lkdeui'
LIB_KFILE='-lkio'
LIB_KFM=''
LIB_KHTML='-lkhtml'
LIB_KIO='-lkio'
LIB_KPARTS='-lkparts'
LIB_KSPELL='-lkspell'
LIB_KSYCOCA='-lkio'
LIB_KUTILS='-lkutils'
LIB_POLL=''
LIB_QPE=''
LIB_QT='-lqt-mt  $(LIBZ) $(LIBPNG) -lXext $(LIB_X11) $(LIBSM) -lpthread'
LIB_SMB='-lsmb'
LIB_X11='-lX11 $(LIBSOCKET)'
LIB_XEXT='-lXext'
LIB_XRENDER=''
LN_S='ln -s'
LTLIBOBJS=''
MAKEINFO='${SHELL} /home/carter/xpertmud/admin/missing --run makeinfo'
MCOPIDL='/usr/bin/mcopidl'
MEINPROC='/usr/bin/meinproc'
MOC='/usr/lib/qt-3.3/bin/moc'
MSGFMT='/usr/bin/msgfmt'
NOOPT_CFLAGS='-O0'
NOOPT_CXXFLAGS='-O0'
OBJEXT='o'
PACKAGE='xpertmud'
PACKAGE_BUGREPORT=''
PACKAGE_NAME=''
PACKAGE_STRING=''
PACKAGE_TARNAME=''
PACKAGE_VERSION=''
PATH_SEPARATOR=':'
PERL='/usr/bin/perl'
PERL_CPPFLAGS=' -I/usr/lib/perl5/CORE '
PERL_LDFLAGS='-Wl,--enable-new-dtags -Wl,-rpath,/usr/lib/perl5/CORE  -fstack-protector -L/usr/local/lib  -L/usr/lib/perl5/CORE -lperl -lresolv -lnsl -ldl -lm -lcrypt -lutil -lpthread -lc'
PYTHON='no'
PYTHON_CPPFLAGS=''
PYTHON_LDFLAGS=''
QTE_NORTTI=''
QT_INCLUDES='-I/usr/lib/qt-3.3/include'
QT_LDFLAGS='-L/usr/lib/qt-3.3/lib'
RANLIB='ranlib'
RUBY='no'
RUBY_CPPFLAGS=''
RUBY_LIBS=''
SET_MAKE=''
SHELL='/bin/sh'
STRIP='strip'
TOPSUBDIRS=' doc po qextmdi xpertmud'
UIC='/usr/lib/qt-3.3/bin/uic -L $(kde_widgetdir) -nounload'
UIC_TR='tr2i18n'
USER_INCLUDES=''
USER_LDFLAGS=''
USE_EXCEPTIONS='-fexceptions'
USE_RTTI=''
USE_THREADS=''
VERSION='3.2alpha1'
WITH_PERL_FALSE='#'
WITH_PERL_TRUE=''
WITH_PYTHON_FALSE=''
WITH_PYTHON_TRUE='#'
WITH_RUBY_FALSE=''
WITH_RUBY_TRUE='#'
WOVERLOADED_VIRTUAL=''
XGETTEXT='/usr/bin/xgettext'
XMKMF=''
XMLLINT='/usr/bin/xmllint'
X_EXTRA_LIBS=''
X_INCLUDES='-I.'
X_LDFLAGS='-L/usr/lib'
X_PRE_LIBS=''
X_RPATH='-R $(x_libraries)'
ac_ct_CC='gcc'
ac_ct_CXX='g++'
ac_ct_F77=''
all_includes='-I/usr/include/kde -I/usr/lib/qt-3.3/include -I. '
all_libraries='-L/usr/lib -L/usr/lib/qt-3.3/lib '
am__fastdepCC_FALSE='#'
am__fastdepCC_TRUE=''
am__fastdepCXX_FALSE='#'
am__fastdepCXX_TRUE=''
am__include='include'
am__leading_dot='.'
am__quote=''
bindir='${exec_prefix}/bin'
build='i686-pc-linux-gnu'
build_alias=''
build_cpu='i686'
build_os='linux-gnu'
build_vendor='pc'
datadir='${datarootdir}'
datarootdir='${prefix}/share'
docdir='${datarootdir}/doc/${PACKAGE}'
dvidir='${docdir}'
exec_prefix='${prefix}'
host='i686-pc-linux-gnu'
host_alias=''
host_cpu='i686'
host_os='linux-gnu'
host_vendor='pc'
htmldir='${docdir}'
include_ARTS_FALSE='#'
include_ARTS_TRUE=''
includedir='${prefix}/include'
infodir='${datarootdir}/info'
install_sh='/home/carter/xpertmud/admin/install-sh'
kde_appsdir='${datadir}/applnk'
kde_bindir='${exec_prefix}/bin'
kde_confdir='${datadir}/config'
kde_datadir='${datadir}/apps'
kde_htmldir='${datadir}/doc/HTML'
kde_icondir='${datadir}/icons'
kde_includes='/usr/include/kde'
kde_kcfgdir='${datadir}/config.kcfg'
kde_libraries='/usr/lib'
kde_libs_htmldir='/usr/share/doc/HTML'
kde_libs_prefix='/usr'
kde_locale='${datadir}/locale'
kde_mimedir='${datadir}/mimelnk'
kde_moduledir='${libdir}/kde3'
kde_qtver='3'
kde_servicesdir='${datadir}/services'
kde_servicetypesdir='${datadir}/servicetypes'
kde_sounddir='${datadir}/sounds'
kde_styledir='${libdir}/kde3/plugins/styles'
kde_templatesdir='${datadir}/templates'
kde_wallpaperdir='${datadir}/wallpapers'
kde_widgetdir='/usr/lib/kde3/plugins/designer'
kdeinitdir='$(kde_moduledir)'
libdir='${exec_prefix}/lib'
libexecdir='${exec_prefix}/libexec'
localedir='${datarootdir}/locale'
localstatedir='${prefix}/var'
mandir='${datarootdir}/man'
oldincludedir='/usr/include'
pdfdir='${docdir}'
prefix='/usr/local/kde'
program_transform_name='s,x,x,'
psdir='${docdir}'
qt_includes='/usr/lib/qt-3.3/include'
qt_libraries='/usr/lib/qt-3.3/lib'
sbindir='${exec_prefix}/sbin'
sharedstatedir='${prefix}/com'
sysconfdir='${prefix}/etc'
target='i686-pc-linux-gnu'
target_alias=''
target_cpu='i686'
target_os='linux-gnu'
target_vendor='pc'
x_includes='.'
x_libraries='/usr/lib'
xdg_appsdir='${datadir}/applications/kde'
xdg_directorydir='${datadir}/desktop-directories'
xdg_menudir='${sysconfdir}/xdg/menus'

## ----------- ##
## confdefs.h. ##
## ----------- ##

#define PACKAGE_NAME ""
#define PACKAGE_TARNAME ""
#define PACKAGE_VERSION ""
#define PACKAGE_STRING ""
#define PACKAGE_BUGREPORT ""
#define PACKAGE "xpertmud"
#define VERSION "3.2alpha1"
#define KDELIBSUFF ""
#define STDC_HEADERS 1
#define HAVE_SYS_TYPES_H 1
#define HAVE_SYS_STAT_H 1
#define HAVE_STDLIB_H 1
#define HAVE_STRING_H 1
#define HAVE_MEMORY_H 1
#define HAVE_STRINGS_H 1
#define HAVE_INTTYPES_H 1
#define HAVE_STDINT_H 1
#define HAVE_UNISTD_H 1
#define HAVE_DLFCN_H 1
#define HAVE_SGI_STL 1
#define HAVE_CRYPT 1
#define ksize_t socklen_t
#define HAVE_SYS_TYPES_H 1
#define HAVE_STDINT_H 1
#define HAVE_RES_INIT 1
#define HAVE_RES_INIT 1
#define SIZEOF_INT 4
#define SIZEOF_SHORT 2
#define SIZEOF_LONG 4
#define SIZEOF_CHAR_P 4
#define SIZEOF_SIZE_T 4
#define SIZEOF_UNSIGNED_LONG 4
#define HAVE_VSNPRINTF 1
#define HAVE_SNPRINTF 1
#define HAVE_LIBZ 1
#define HAVE_LIBPNG 1
#define HAVE_LIBJPEG 1
#define HAVE_LIBPTHREAD 1

configure: exit 0
